[ 50%] [32mBuilding CXX object CMakeFiles/mqtt_hardware_interface.dir/src/mqtt_hardware_interface.cpp.o[0m
[01m[K/home/dev/Documents/ORION_VI/mqtt_hardware_interface/src/mqtt_hardware_interface.cpp:[m[K In member function ‘[01m[Kvirtual hardware_interface::CallbackReturn mqtt_hardware_interface::MqttHardwareInterface::[01;32m[Kon_configure[m[K(const rclcpp_lifecycle::State&)[m[K’:
[01m[K/home/dev/Documents/ORION_VI/mqtt_hardware_interface/src/mqtt_hardware_interface.cpp:80:39:[m[K [01;35m[Kwarning: [m[Kunused parameter ‘[01m[Kprevious_state[m[K’ [[01;35m[K]8;;https://gcc.gnu.org/onlinedocs/gcc/Warning-Options.html#index-Wunused-parameter-Wunused-parameter]8;;[m[K]
   80 |       [01;35m[Kconst rclcpp_lifecycle::State & previous_state[m[K)
      |       [01;35m[K~~~~~~~~~~~~~~~~~~~~~~~~~~~~~~~~^~~~~~~~~~~~~~[m[K
[01m[K/home/dev/Documents/ORION_VI/mqtt_hardware_interface/src/mqtt_hardware_interface.cpp:[m[K In member function ‘[01m[Kvirtual hardware_interface::CallbackReturn mqtt_hardware_interface::MqttHardwareInterface::[01;32m[Kon_cleanup[m[K(const rclcpp_lifecycle::State&)[m[K’:
[01m[K/home/dev/Documents/ORION_VI/mqtt_hardware_interface/src/mqtt_hardware_interface.cpp:86:39:[m[K [01;35m[Kwarning: [m[Kunused parameter ‘[01m[Kprevious_state[m[K’ [[01;35m[K]8;;https://gcc.gnu.org/onlinedocs/gcc/Warning-Options.html#index-Wunused-parameter-Wunused-parameter]8;;[m[K]
   86 |       [01;35m[Kconst rclcpp_lifecycle::State & previous_state[m[K)
      |       [01;35m[K~~~~~~~~~~~~~~~~~~~~~~~~~~~~~~~~^~~~~~~~~~~~~~[m[K
[100%] [32m[1mLinking CXX shared library libmqtt_hardware_interface.so[0m
[100%] Built target mqtt_hardware_interface
-- Install configuration: ""
-- Installing: /home/dev/Documents/ORION_VI/mqtt_hardware_interface/install/mqtt_hardware_interface/share/mqtt_hardware_interface/mqtt_hardware_interface.xml
-- Installing: /home/dev/Documents/ORION_VI/mqtt_hardware_interface/install/mqtt_hardware_interface/include/mqtt_hardware_interface
-- Installing: /home/dev/Documents/ORION_VI/mqtt_hardware_interface/install/mqtt_hardware_interface/include/mqtt_hardware_interface/mqtt_hardware_interface
-- Installing: /home/dev/Documents/ORION_VI/mqtt_hardware_interface/install/mqtt_hardware_interface/include/mqtt_hardware_interface/mqtt_hardware_interface/mqtt_hardware_interface.hpp
-- Installing: /home/dev/Documents/ORION_VI/mqtt_hardware_interface/install/mqtt_hardware_interface/lib/libmqtt_hardware_interface.so
-- Set non-toolchain portion of runtime path of "/home/dev/Documents/ORION_VI/mqtt_hardware_interface/install/mqtt_hardware_interface/lib/libmqtt_hardware_interface.so" to ""
[31mCMake Error at cmake_install.cmake:77 (file):
  file INSTALL cannot find
  "/home/dev/Documents/ORION_VI/mqtt_hardware_interface/launch": No such file
  or directory.

[0m
