[0.022s] Invoking command in '/home/dev/Documents/ORION_VI/mqtt_hardware_interface/build/mqtt_hardware_interface': CMAKE_PREFIX_PATH=${CMAKE_PREFIX_PATH}:/opt/ros/jazzy DEBUGINFOD_URLS=https://debuginfod.ubuntu.com /usr/bin/cmake --build /home/dev/Documents/ORION_VI/mqtt_hardware_interface/build/mqtt_hardware_interface -- -j6 -l6
[0.107s] [ 50%] [32mBuilding CXX object CMakeFiles/mqtt_hardware_interface.dir/src/mqtt_hardware_interface.cpp.o[0m
[2.325s] [01m[K/home/dev/Documents/ORION_VI/mqtt_hardware_interface/src/mqtt_hardware_interface.cpp:[m[K In member function ‘[01m[Kvirtual hardware_interface::CallbackReturn mqtt_hardware_interface::MqttHardwareInterface::[01;32m[Kon_configure[m[K(const rclcpp_lifecycle::State&)[m[K’:
[2.325s] [01m[K/home/dev/Documents/ORION_VI/mqtt_hardware_interface/src/mqtt_hardware_interface.cpp:80:39:[m[K [01;35m[Kwarning: [m[Kunused parameter ‘[01m[Kprevious_state[m[K’ [[01;35m[K]8;;https://gcc.gnu.org/onlinedocs/gcc/Warning-Options.html#index-Wunused-parameter-Wunused-parameter]8;;[m[K]
[2.325s]    80 |       [01;35m[Kconst rclcpp_lifecycle::State & previous_state[m[K)
[2.325s]       |       [01;35m[K~~~~~~~~~~~~~~~~~~~~~~~~~~~~~~~~^~~~~~~~~~~~~~[m[K
[2.325s] [01m[K/home/dev/Documents/ORION_VI/mqtt_hardware_interface/src/mqtt_hardware_interface.cpp:[m[K In member function ‘[01m[Kvirtual hardware_interface::CallbackReturn mqtt_hardware_interface::MqttHardwareInterface::[01;32m[Kon_cleanup[m[K(const rclcpp_lifecycle::State&)[m[K’:
[2.325s] [01m[K/home/dev/Documents/ORION_VI/mqtt_hardware_interface/src/mqtt_hardware_interface.cpp:86:39:[m[K [01;35m[Kwarning: [m[Kunused parameter ‘[01m[Kprevious_state[m[K’ [[01;35m[K]8;;https://gcc.gnu.org/onlinedocs/gcc/Warning-Options.html#index-Wunused-parameter-Wunused-parameter]8;;[m[K]
[2.325s]    86 |       [01;35m[Kconst rclcpp_lifecycle::State & previous_state[m[K)
[2.325s]       |       [01;35m[K~~~~~~~~~~~~~~~~~~~~~~~~~~~~~~~~^~~~~~~~~~~~~~[m[K
[4.420s] [100%] [32m[1mLinking CXX shared library libmqtt_hardware_interface.so[0m
[6.148s] [100%] Built target mqtt_hardware_interface
[6.161s] Invoked command in '/home/dev/Documents/ORION_VI/mqtt_hardware_interface/build/mqtt_hardware_interface' returned '0': CMAKE_PREFIX_PATH=${CMAKE_PREFIX_PATH}:/opt/ros/jazzy DEBUGINFOD_URLS=https://debuginfod.ubuntu.com /usr/bin/cmake --build /home/dev/Documents/ORION_VI/mqtt_hardware_interface/build/mqtt_hardware_interface -- -j6 -l6
[6.170s] Invoking command in '/home/dev/Documents/ORION_VI/mqtt_hardware_interface/build/mqtt_hardware_interface': CMAKE_PREFIX_PATH=${CMAKE_PREFIX_PATH}:/opt/ros/jazzy DEBUGINFOD_URLS=https://debuginfod.ubuntu.com /usr/bin/cmake --install /home/dev/Documents/ORION_VI/mqtt_hardware_interface/build/mqtt_hardware_interface
[6.192s] -- Install configuration: ""
[6.192s] -- Installing: /home/dev/Documents/ORION_VI/mqtt_hardware_interface/install/mqtt_hardware_interface/share/mqtt_hardware_interface/mqtt_hardware_interface.xml
[6.244s] -- Installing: /home/dev/Documents/ORION_VI/mqtt_hardware_interface/install/mqtt_hardware_interface/include/mqtt_hardware_interface
[6.244s] -- Installing: /home/dev/Documents/ORION_VI/mqtt_hardware_interface/install/mqtt_hardware_interface/include/mqtt_hardware_interface/mqtt_hardware_interface
[6.244s] -- Installing: /home/dev/Documents/ORION_VI/mqtt_hardware_interface/install/mqtt_hardware_interface/include/mqtt_hardware_interface/mqtt_hardware_interface/mqtt_hardware_interface.hpp
[6.244s] -- Installing: /home/dev/Documents/ORION_VI/mqtt_hardware_interface/install/mqtt_hardware_interface/lib/libmqtt_hardware_interface.so
[6.245s] -- Set non-toolchain portion of runtime path of "/home/dev/Documents/ORION_VI/mqtt_hardware_interface/install/mqtt_hardware_interface/lib/libmqtt_hardware_interface.so" to ""
[6.245s] [31mCMake Error at cmake_install.cmake:77 (file):
[6.245s]   file INSTALL cannot find
[6.245s]   "/home/dev/Documents/ORION_VI/mqtt_hardware_interface/launch": No such file
[6.245s]   or directory.
[6.245s] 
[6.245s] [0m
[6.247s] Invoked command in '/home/dev/Documents/ORION_VI/mqtt_hardware_interface/build/mqtt_hardware_interface' returned '1': CMAKE_PREFIX_PATH=${CMAKE_PREFIX_PATH}:/opt/ros/jazzy DEBUGINFOD_URLS=https://debuginfod.ubuntu.com /usr/bin/cmake --install /home/dev/Documents/ORION_VI/mqtt_hardware_interface/build/mqtt_hardware_interface
