[0.031s] Invoking command in '/home/dev/Documents/ORION_VI/mqtt_hardware_interface/build/mqtt_hardware_interface': CMAKE_PREFIX_PATH=${CMAKE_PREFIX_PATH}:/opt/ros/jazzy DEBUGINFOD_URLS=https://debuginfod.ubuntu.com /usr/bin/cmake --build /home/dev/Documents/ORION_VI/mqtt_hardware_interface/build/mqtt_hardware_interface -- -j6 -l6
[0.122s] [ 50%] [32mBuilding CXX object CMakeFiles/mqtt_hardware_interface.dir/src/mqtt_hardware_interface.cpp.o[0m
[2.363s] [01m[K/home/dev/Documents/ORION_VI/mqtt_hardware_interface/src/mqtt_hardware_interface.cpp:[m[K In member function ‘[01m[Kvirtual hardware_interface::CallbackReturn mqtt_hardware_interface::MqttHardwareInterface::[01;32m[Kon_configure[m[K(const rclcpp_lifecycle::State&)[m[K’:
[2.363s] [01m[K/home/dev/Documents/ORION_VI/mqtt_hardware_interface/src/mqtt_hardware_interface.cpp:78:39:[m[K [01;35m[Kwarning: [m[Kunused parameter ‘[01m[Kprevious_state[m[K’ [[01;35m[K]8;;https://gcc.gnu.org/onlinedocs/gcc/Warning-Options.html#index-Wunused-parameter-Wunused-parameter]8;;[m[K]
[2.363s]    78 |       [01;35m[Kconst rclcpp_lifecycle::State & previous_state[m[K)
[2.363s]       |       [01;35m[K~~~~~~~~~~~~~~~~~~~~~~~~~~~~~~~~^~~~~~~~~~~~~~[m[K
[2.363s] [01m[K/home/dev/Documents/ORION_VI/mqtt_hardware_interface/src/mqtt_hardware_interface.cpp:[m[K In member function ‘[01m[Kvirtual hardware_interface::CallbackReturn mqtt_hardware_interface::MqttHardwareInterface::[01;32m[Kon_cleanup[m[K(const rclcpp_lifecycle::State&)[m[K’:
[2.363s] [01m[K/home/dev/Documents/ORION_VI/mqtt_hardware_interface/src/mqtt_hardware_interface.cpp:84:39:[m[K [01;35m[Kwarning: [m[Kunused parameter ‘[01m[Kprevious_state[m[K’ [[01;35m[K]8;;https://gcc.gnu.org/onlinedocs/gcc/Warning-Options.html#index-Wunused-parameter-Wunused-parameter]8;;[m[K]
[2.363s]    84 |       [01;35m[Kconst rclcpp_lifecycle::State & previous_state[m[K)
[2.363s]       |       [01;35m[K~~~~~~~~~~~~~~~~~~~~~~~~~~~~~~~~^~~~~~~~~~~~~~[m[K
[2.363s] [01m[K/home/dev/Documents/ORION_VI/mqtt_hardware_interface/src/mqtt_hardware_interface.cpp:[m[K At global scope:
[2.364s] [01m[K/home/dev/Documents/ORION_VI/mqtt_hardware_interface/src/mqtt_hardware_interface.cpp:89:13:[m[K [01;31m[Kerror: [m[K‘[01m[KStateInterface[m[K’ was not declared in this scope; did you mean ‘[01m[Khardware_interface::StateInterface[m[K’?
[2.364s]    89 | std::vector<[01;31m[KStateInterface[m[K> MqttHardwareInterface::export_state_interfaces()
[2.364s]       |             [01;31m[K^~~~~~~~~~~~~~[m[K
[2.364s]       |             [32m[Khardware_interface::StateInterface[m[K
[2.364s] In file included from [01m[K/opt/ros/jazzy/include/hardware_interface/hardware_interface/hardware_component_interface.hpp:28[m[K,
[2.364s]                  from [01m[K/opt/ros/jazzy/include/hardware_interface/hardware_interface/system_interface.hpp:18[m[K,
[2.364s]                  from [01m[K/home/dev/Documents/ORION_VI/mqtt_hardware_interface/include/mqtt_hardware_interface/mqtt_hardware_interface.hpp:4[m[K,
[2.364s]                  from [01m[K/home/dev/Documents/ORION_VI/mqtt_hardware_interface/src/mqtt_hardware_interface.cpp:1[m[K:
[2.364s] [01m[K/opt/ros/jazzy/include/hardware_interface/hardware_interface/handle.hpp:677:7:[m[K [01;36m[Knote: [m[K‘[01m[Khardware_interface::StateInterface[m[K’ declared here
[2.364s]   677 | class [01;36m[KStateInterface[m[K : public Handle
[2.364s]       |       [01;36m[K^~~~~~~~~~~~~~[m[K
[2.364s] [01m[K/home/dev/Documents/ORION_VI/mqtt_hardware_interface/src/mqtt_hardware_interface.cpp:89:27:[m[K [01;31m[Kerror: [m[Ktemplate argument 1 is invalid
[2.364s]    89 | std::vector<StateInterface[01;31m[K>[m[K MqttHardwareInterface::export_state_interfaces()
[2.364s]       |                           [01;31m[K^[m[K
[2.364s] [01m[K/home/dev/Documents/ORION_VI/mqtt_hardware_interface/src/mqtt_hardware_interface.cpp:89:27:[m[K [01;31m[Kerror: [m[Ktemplate argument 2 is invalid
[2.365s] [01m[K/home/dev/Documents/ORION_VI/mqtt_hardware_interface/src/mqtt_hardware_interface.cpp:89:29:[m[K [01;31m[Kerror: [m[Kno declaration matches ‘[01m[Kint mqtt_hardware_interface::MqttHardwareInterface::[01;32m[Kexport_state_interfaces[m[K()[m[K’
[2.365s]    89 | std::vector<StateInterface> [01;31m[KMqttHardwareInterface[m[K::export_state_interfaces()
[2.365s]       |                             [01;31m[K^~~~~~~~~~~~~~~~~~~~~[m[K
[2.365s] [01m[K/home/dev/Documents/ORION_VI/mqtt_hardware_interface/include/mqtt_hardware_interface/mqtt_hardware_interface.hpp:20:53:[m[K [01;36m[Knote: [m[Kcandidate is: ‘[01m[Kvirtual std::vector<hardware_interface::StateInterface> mqtt_hardware_interface::MqttHardwareInterface::[01;32m[Kexport_state_interfaces[m[K()[m[K’
[2.365s]    20 |     std::vector<hardware_interface::StateInterface> [01;36m[Kexport_state_interfaces[m[K() override;
[2.365s]       |                                                     [01;36m[K^~~~~~~~~~~~~~~~~~~~~~~[m[K
[2.365s] [01m[K/home/dev/Documents/ORION_VI/mqtt_hardware_interface/include/mqtt_hardware_interface/mqtt_hardware_interface.hpp:12:7:[m[K [01;36m[Knote: [m[K‘[01m[Kclass mqtt_hardware_interface::MqttHardwareInterface[m[K’ defined here
[2.365s]    12 | class [01;36m[KMqttHardwareInterface[m[K : public hardware_interface::SystemInterface
[2.365s]       |       [01;36m[K^~~~~~~~~~~~~~~~~~~~~[m[K
[2.401s] [01m[K/home/dev/Documents/ORION_VI/mqtt_hardware_interface/src/mqtt_hardware_interface.cpp:[m[K In member function ‘[01m[Kvirtual std::vector<hardware_interface::CommandInterface> mqtt_hardware_interface::MqttHardwareInterface::[01;32m[Kexport_command_interfaces[m[K()[m[K’:
[2.401s] [01m[K/home/dev/Documents/ORION_VI/mqtt_hardware_interface/src/mqtt_hardware_interface.cpp:120:29:[m[K [01;31m[Kerror: [m[K‘[01m[Kparams[m[K’ was not declared in this scope
[2.401s]   120 |   for (const auto & joint : [01;31m[Kparams[m[K.joints)
[2.401s]       |                             [01;31m[K^~~~~~[m[K
[3.531s] gmake[2]: *** [CMakeFiles/mqtt_hardware_interface.dir/build.make:76: CMakeFiles/mqtt_hardware_interface.dir/src/mqtt_hardware_interface.cpp.o] Error 1
[3.531s] gmake[1]: *** [CMakeFiles/Makefile2:137: CMakeFiles/mqtt_hardware_interface.dir/all] Error 2
[3.531s] gmake: *** [Makefile:146: all] Error 2
[3.534s] Invoked command in '/home/dev/Documents/ORION_VI/mqtt_hardware_interface/build/mqtt_hardware_interface' returned '2': CMAKE_PREFIX_PATH=${CMAKE_PREFIX_PATH}:/opt/ros/jazzy DEBUGINFOD_URLS=https://debuginfod.ubuntu.com /usr/bin/cmake --build /home/dev/Documents/ORION_VI/mqtt_hardware_interface/build/mqtt_hardware_interface -- -j6 -l6
