[0.010s] Invoking command in '/home/dev/Documents/ORION_VI/mqtt_hardware_interface/build/mqtt_hardware_interface': CMAKE_PREFIX_PATH=${CMAKE_PREFIX_PATH}:/opt/ros/jazzy DEBUGINFOD_URLS=https://debuginfod.ubuntu.com /usr/bin/cmake /home/dev/Documents/ORION_VI/mqtt_hardware_interface -DCMAKE_INSTALL_PREFIX=/home/dev/Documents/ORION_VI/mqtt_hardware_interface/install/mqtt_hardware_interface
[0.022s] -- Found ament_cmake: 2.5.5 (/opt/ros/jazzy/share/ament_cmake/cmake)
[0.204s] -- Found hardware_interface: 4.42.2 (/opt/ros/jazzy/share/hardware_interface/cmake)
[0.232s] -- Found rosidl_generator_c: 4.6.7 (/opt/ros/jazzy/share/rosidl_generator_c/cmake)
[0.241s] -- Found rosidl_generator_cpp: 4.6.7 (/opt/ros/jazzy/share/rosidl_generator_cpp/cmake)
[0.251s] -- Using all available rosidl_typesupport_c: rosidl_typesupport_fastrtps_c;rosidl_typesupport_introspection_c
[0.264s] -- Using all available rosidl_typesupport_cpp: rosidl_typesupport_fastrtps_cpp;rosidl_typesupport_introspection_cpp
[0.450s] -- Found TinyXML2 via Config file: /usr/lib/x86_64-linux-gnu/cmake/tinyxml2
[0.484s] -- Found rmw_implementation_cmake: 7.3.3 (/opt/ros/jazzy/share/rmw_implementation_cmake/cmake)
[0.485s] -- Found rmw_fastrtps_cpp: 8.4.3 (/opt/ros/jazzy/share/rmw_fastrtps_cpp/cmake)
[0.502s] -- Found TinyXML2 via Config file: /usr/lib/x86_64-linux-gnu/cmake/tinyxml2
[0.510s] -- Found TinyXML2 via Config file: /usr/lib/x86_64-linux-gnu/cmake/tinyxml2
[0.526s] -- Found TinyXML2 via Config file: /usr/lib/x86_64-linux-gnu/cmake/tinyxml2
[0.534s] -- Found TinyXML2 via Config file: /usr/lib/x86_64-linux-gnu/cmake/tinyxml2
[0.544s] -- Using RMW implementation 'rmw_fastrtps_cpp' as default
[0.854s] -- Configuring done (0.8s)
[0.857s] [31mCMake Error at CMakeLists.txt:23 (add_library):
[0.858s]   Cannot find source file:
[0.858s] 
[0.858s]     src/mqtt_hardware_interface.cpp
[0.858s] 
[0.858s]   Tried extensions .c .C .c++ .cc .cpp .cxx .cu .mpp .m .M .mm .ixx .cppm
[0.858s]   .ccm .cxxm .c++m .h .hh .h++ .hm .hpp .hxx .in .txx .f .F .for .f77 .f90
[0.858s]   .f95 .f03 .hip .ispc
[0.858s] 
[0.858s] [0m
[0.862s] [31mCMake Error at CMakeLists.txt:23 (add_library):
[0.862s]   No SOURCES given to target: mqtt_hardware_interface
[0.862s] 
[0.862s] [0m
[0.862s] [0mCMake Generate step failed.  Build files cannot be regenerated correctly.[0m
[0.869s] Invoked command in '/home/dev/Documents/ORION_VI/mqtt_hardware_interface/build/mqtt_hardware_interface' returned '1': CMAKE_PREFIX_PATH=${CMAKE_PREFIX_PATH}:/opt/ros/jazzy DEBUGINFOD_URLS=https://debuginfod.ubuntu.com /usr/bin/cmake /home/dev/Documents/ORION_VI/mqtt_hardware_interface -DCMAKE_INSTALL_PREFIX=/home/dev/Documents/ORION_VI/mqtt_hardware_interface/install/mqtt_hardware_interface
