[0.239s] DEBUG:colcon:Command line arguments: ['/usr/bin/colcon', 'build']
[0.239s] DEBUG:colcon:Parsed command line arguments: Namespace(log_base=None, log_level=None, verb_name='build', build_base='build', install_base='install', merge_install=False, symlink_install=False, test_result_base=None, continue_on_error=False, executor='parallel', parallel_workers=6, event_handlers=None, ignore_user_meta=False, metas=['./colcon.meta'], base_paths=['.'], packages_ignore=None, packages_ignore_regex=None, paths=None, packages_up_to=None, packages_up_to_regex=None, packages_above=None, packages_above_and_dependencies=None, packages_above_depth=None, packages_select_by_dep=None, packages_skip_by_dep=None, packages_skip_up_to=None, packages_select_build_failed=False, packages_skip_build_finished=False, packages_select_test_failures=False, packages_skip_test_passed=False, packages_select=None, packages_skip=None, packages_select_regex=None, packages_skip_regex=None, packages_start=None, packages_end=None, cmake_args=None, cmake_target=None, cmake_target_skip_unavailable=False, cmake_clean_cache=False, cmake_clean_first=False, cmake_force_configure=False, ament_cmake_args=None, catkin_cmake_args=None, catkin_skip_building_tests=False, verb_parser=<colcon_defaults.argument_parser.defaults.DefaultArgumentsDecorator object at 0x704f10f158e0>, verb_extension=<colcon_core.verb.build.BuildVerb object at 0x704f10f156d0>, main=<bound method BuildVerb.main of <colcon_core.verb.build.BuildVerb object at 0x704f10f156d0>>)
[0.553s] Level 1:colcon.colcon_core.package_discovery:discover_packages(colcon_meta) check parameters
[0.553s] Level 1:colcon.colcon_core.package_discovery:discover_packages(recursive) check parameters
[0.553s] Level 1:colcon.colcon_core.package_discovery:discover_packages(ignore) check parameters
[0.553s] Level 1:colcon.colcon_core.package_discovery:discover_packages(path) check parameters
[0.553s] Level 1:colcon.colcon_core.package_discovery:discover_packages(colcon_meta) discover
[0.553s] Level 1:colcon.colcon_core.package_discovery:discover_packages(recursive) discover
[0.553s] INFO:colcon.colcon_core.package_discovery:Crawling recursively for packages in '/home/dev/Documents/ORION_VI/mqtt_hardware_interface'
[0.553s] Level 1:colcon.colcon_core.package_identification:_identify(.) by extensions ['ignore', 'ignore_ament_install']
[0.553s] Level 1:colcon.colcon_core.package_identification:_identify(.) by extension 'ignore'
[0.553s] Level 1:colcon.colcon_core.package_identification:_identify(.) by extension 'ignore_ament_install'
[0.553s] Level 1:colcon.colcon_core.package_identification:_identify(.) by extensions ['colcon_pkg']
[0.553s] Level 1:colcon.colcon_core.package_identification:_identify(.) by extension 'colcon_pkg'
[0.553s] Level 1:colcon.colcon_core.package_identification:_identify(.) by extensions ['colcon_meta']
[0.553s] Level 1:colcon.colcon_core.package_identification:_identify(.) by extension 'colcon_meta'
[0.554s] Level 1:colcon.colcon_core.package_identification:_identify(.) by extensions ['ros']
[0.554s] Level 1:colcon.colcon_core.package_identification:_identify(.) by extension 'ros'
[0.668s] DEBUG:colcon.colcon_core.package_identification:Package '.' with type 'ros.ament_cmake' and name 'mqtt_hardware_interface'
[0.668s] Level 1:colcon.colcon_core.package_discovery:discover_packages(recursive) using defaults
[0.668s] Level 1:colcon.colcon_core.package_discovery:discover_packages(ignore) discover
[0.668s] Level 1:colcon.colcon_core.package_discovery:discover_packages(ignore) using defaults
[0.668s] Level 1:colcon.colcon_core.package_discovery:discover_packages(path) discover
[0.668s] Level 1:colcon.colcon_core.package_discovery:discover_packages(path) using defaults
[0.792s] Level 5:colcon.colcon_core.verb:set package 'mqtt_hardware_interface' build argument 'cmake_args' from command line to 'None'
[0.792s] Level 5:colcon.colcon_core.verb:set package 'mqtt_hardware_interface' build argument 'cmake_target' from command line to 'None'
[0.792s] Level 5:colcon.colcon_core.verb:set package 'mqtt_hardware_interface' build argument 'cmake_target_skip_unavailable' from command line to 'False'
[0.792s] Level 5:colcon.colcon_core.verb:set package 'mqtt_hardware_interface' build argument 'cmake_clean_cache' from command line to 'False'
[0.792s] Level 5:colcon.colcon_core.verb:set package 'mqtt_hardware_interface' build argument 'cmake_clean_first' from command line to 'False'
[0.792s] Level 5:colcon.colcon_core.verb:set package 'mqtt_hardware_interface' build argument 'cmake_force_configure' from command line to 'False'
[0.792s] Level 5:colcon.colcon_core.verb:set package 'mqtt_hardware_interface' build argument 'ament_cmake_args' from command line to 'None'
[0.792s] Level 5:colcon.colcon_core.verb:set package 'mqtt_hardware_interface' build argument 'catkin_cmake_args' from command line to 'None'
[0.792s] Level 5:colcon.colcon_core.verb:set package 'mqtt_hardware_interface' build argument 'catkin_skip_building_tests' from command line to 'False'
[0.792s] DEBUG:colcon.colcon_core.verb:Building package 'mqtt_hardware_interface' with the following arguments: {'ament_cmake_args': None, 'build_base': '/home/dev/Documents/ORION_VI/mqtt_hardware_interface/build/mqtt_hardware_interface', 'catkin_cmake_args': None, 'catkin_skip_building_tests': False, 'cmake_args': None, 'cmake_clean_cache': False, 'cmake_clean_first': False, 'cmake_force_configure': False, 'cmake_target': None, 'cmake_target_skip_unavailable': False, 'install_base': '/home/dev/Documents/ORION_VI/mqtt_hardware_interface/install/mqtt_hardware_interface', 'merge_install': False, 'path': '/home/dev/Documents/ORION_VI/mqtt_hardware_interface', 'symlink_install': False, 'test_result_base': None}
[0.792s] INFO:colcon.colcon_core.executor:Executing jobs using 'parallel' executor
[0.793s] DEBUG:colcon.colcon_parallel_executor.executor.parallel:run_until_complete
[0.793s] INFO:colcon.colcon_ros.task.ament_cmake.build:Building ROS package in '/home/dev/Documents/ORION_VI/mqtt_hardware_interface' with build type 'ament_cmake'
[0.793s] INFO:colcon.colcon_cmake.task.cmake.build:Building CMake package in '/home/dev/Documents/ORION_VI/mqtt_hardware_interface'
[0.810s] INFO:colcon.colcon_core.plugin_system:Skipping extension 'colcon_core.shell.bat': Not used on non-Windows systems
[0.810s] DEBUG:colcon.colcon_core.shell:Skip shell extension 'dsv' for command environment
[0.871s] DEBUG:colcon.colcon_core.event_handler.log_command:Invoking command in '/home/dev/Documents/ORION_VI/mqtt_hardware_interface/build/mqtt_hardware_interface': CMAKE_PREFIX_PATH=${CMAKE_PREFIX_PATH}:/opt/ros/jazzy DEBUGINFOD_URLS=https://debuginfod.ubuntu.com /usr/bin/cmake --build /home/dev/Documents/ORION_VI/mqtt_hardware_interface/build/mqtt_hardware_interface -- -j6 -l6
[13.883s] DEBUG:colcon.colcon_core.event_handler.log_command:Invoked command in '/home/dev/Documents/ORION_VI/mqtt_hardware_interface/build/mqtt_hardware_interface' returned '2': CMAKE_PREFIX_PATH=${CMAKE_PREFIX_PATH}:/opt/ros/jazzy DEBUGINFOD_URLS=https://debuginfod.ubuntu.com /usr/bin/cmake --build /home/dev/Documents/ORION_VI/mqtt_hardware_interface/build/mqtt_hardware_interface -- -j6 -l6
[14.087s] Level 1:colcon.colcon_core.environment:create_environment_scripts_only(mqtt_hardware_interface)
[14.775s] Level 1:colcon.colcon_core.environment:checking '/home/dev/Documents/ORION_VI/mqtt_hardware_interface/install/mqtt_hardware_interface' for CMake module files
[14.776s] Level 1:colcon.colcon_core.environment:checking '/home/dev/Documents/ORION_VI/mqtt_hardware_interface/install/mqtt_hardware_interface' for CMake config files
[14.776s] Level 1:colcon.colcon_core.environment:checking '/home/dev/Documents/ORION_VI/mqtt_hardware_interface/install/mqtt_hardware_interface/bin'
[14.776s] Level 1:colcon.colcon_core.environment:checking '/home/dev/Documents/ORION_VI/mqtt_hardware_interface/install/mqtt_hardware_interface/lib/pkgconfig/mqtt_hardware_interface.pc'
[14.876s] Level 1:colcon.colcon_core.environment:checking '/home/dev/Documents/ORION_VI/mqtt_hardware_interface/install/mqtt_hardware_interface/lib/python3.12/site-packages'
[14.876s] Level 1:colcon.colcon_core.environment:checking '/home/dev/Documents/ORION_VI/mqtt_hardware_interface/install/mqtt_hardware_interface/bin'
[14.876s] INFO:colcon.colcon_core.shell:Creating package descriptor '/home/dev/Documents/ORION_VI/mqtt_hardware_interface/install/mqtt_hardware_interface/share/mqtt_hardware_interface/package.dsv'
[14.948s] INFO:colcon.colcon_core.shell:Creating package script '/home/dev/Documents/ORION_VI/mqtt_hardware_interface/install/mqtt_hardware_interface/share/mqtt_hardware_interface/package.sh'
[14.951s] INFO:colcon.colcon_core.shell:Creating package script '/home/dev/Documents/ORION_VI/mqtt_hardware_interface/install/mqtt_hardware_interface/share/mqtt_hardware_interface/package.bash'
[14.994s] INFO:colcon.colcon_core.shell:Creating package script '/home/dev/Documents/ORION_VI/mqtt_hardware_interface/install/mqtt_hardware_interface/share/mqtt_hardware_interface/package.zsh'
[15.498s] Level 1:colcon.colcon_core.environment:create_file_with_runtime_dependencies(/home/dev/Documents/ORION_VI/mqtt_hardware_interface/install/mqtt_hardware_interface/share/colcon-core/packages/mqtt_hardware_interface)
[15.509s] DEBUG:colcon.colcon_parallel_executor.executor.parallel:closing loop
[15.509s] DEBUG:colcon.colcon_parallel_executor.executor.parallel:loop closed
[15.509s] DEBUG:colcon.colcon_parallel_executor.executor.parallel:run_until_complete finished with '2'
[15.509s] DEBUG:colcon.colcon_core.event_reactor:joining thread
[16.349s] INFO:colcon.colcon_core.plugin_system:Skipping extension 'colcon_notification.desktop_notification.terminal_notifier': Not used on non-Darwin systems
[16.349s] INFO:colcon.colcon_core.plugin_system:Skipping extension 'colcon_notification.desktop_notification.win32': Not used on non-Windows systems
[16.349s] INFO:colcon.colcon_notification.desktop_notification:Sending desktop notification using 'notify2'
[16.369s] DEBUG:colcon.colcon_core.event_reactor:joined thread
[16.369s] INFO:colcon.colcon_core.shell:Creating prefix script '/home/dev/Documents/ORION_VI/mqtt_hardware_interface/install/local_setup.sh'
[16.386s] INFO:colcon.colcon_core.shell:Creating prefix util module '/home/dev/Documents/ORION_VI/mqtt_hardware_interface/install/_local_setup_util_sh.py'
[16.490s] INFO:colcon.colcon_core.shell:Creating prefix chain script '/home/dev/Documents/ORION_VI/mqtt_hardware_interface/install/setup.sh'
[16.779s] INFO:colcon.colcon_core.shell:Creating prefix script '/home/dev/Documents/ORION_VI/mqtt_hardware_interface/install/local_setup.bash'
[16.962s] INFO:colcon.colcon_core.shell:Creating prefix chain script '/home/dev/Documents/ORION_VI/mqtt_hardware_interface/install/setup.bash'
[17.354s] INFO:colcon.colcon_core.shell:Creating prefix script '/home/dev/Documents/ORION_VI/mqtt_hardware_interface/install/local_setup.zsh'
[17.611s] INFO:colcon.colcon_core.shell:Creating prefix chain script '/home/dev/Documents/ORION_VI/mqtt_hardware_interface/install/setup.zsh'
