[100%] Built target mqtt_hardware_interface
-- Install configuration: ""
-- Up-to-date: /home/dev/Documents/ORION_VI/mqtt_hardware_interface/install/mqtt_hardware_interface/share/mqtt_hardware_interface/mqtt_hardware_interface.xml
-- Up-to-date: /home/dev/Documents/ORION_VI/mqtt_hardware_interface/install/mqtt_hardware_interface/include/mqtt_hardware_interface
-- Up-to-date: /home/dev/Documents/ORION_VI/mqtt_hardware_interface/install/mqtt_hardware_interface/include/mqtt_hardware_interface/mqtt_hardware_interface
-- Up-to-date: /home/dev/Documents/ORION_VI/mqtt_hardware_interface/install/mqtt_hardware_interface/include/mqtt_hardware_interface/mqtt_hardware_interface/mqtt_hardware_interface.hpp
-- Up-to-date: /home/dev/Documents/ORION_VI/mqtt_hardware_interface/install/mqtt_hardware_interface/lib/libmqtt_hardware_interface.so
-- Up-to-date: /home/dev/Documents/ORION_VI/mqtt_hardware_interface/install/mqtt_hardware_interface/share/mqtt_hardware_interface
-- Installing: /home/dev/Documents/ORION_VI/mqtt_hardware_interface/install/mqtt_hardware_interface/share/mqtt_hardware_interface/environment/library_path.sh
-- Installing: /home/dev/Documents/ORION_VI/mqtt_hardware_interface/install/mqtt_hardware_interface/share/mqtt_hardware_interface/environment/library_path.dsv
-- Installing: /home/dev/Documents/ORION_VI/mqtt_hardware_interface/install/mqtt_hardware_interface/share/ament_index/resource_index/package_run_dependencies/mqtt_hardware_interface
-- Installing: /home/dev/Documents/ORION_VI/mqtt_hardware_interface/install/mqtt_hardware_interface/share/ament_index/resource_index/parent_prefix_path/mqtt_hardware_interface
-- Installing: /home/dev/Documents/ORION_VI/mqtt_hardware_interface/install/mqtt_hardware_interface/share/mqtt_hardware_interface/environment/ament_prefix_path.sh
-- Installing: /home/dev/Documents/ORION_VI/mqtt_hardware_interface/install/mqtt_hardware_interface/share/mqtt_hardware_interface/environment/ament_prefix_path.dsv
-- Installing: /home/dev/Documents/ORION_VI/mqtt_hardware_interface/install/mqtt_hardware_interface/share/mqtt_hardware_interface/environment/path.sh
-- Installing: /home/dev/Documents/ORION_VI/mqtt_hardware_interface/install/mqtt_hardware_interface/share/mqtt_hardware_interface/environment/path.dsv
-- Installing: /home/dev/Documents/ORION_VI/mqtt_hardware_interface/install/mqtt_hardware_interface/share/mqtt_hardware_interface/local_setup.bash
-- Installing: /home/dev/Documents/ORION_VI/mqtt_hardware_interface/install/mqtt_hardware_interface/share/mqtt_hardware_interface/local_setup.sh
-- Installing: /home/dev/Documents/ORION_VI/mqtt_hardware_interface/install/mqtt_hardware_interface/share/mqtt_hardware_interface/local_setup.zsh
-- Installing: /home/dev/Documents/ORION_VI/mqtt_hardware_interface/install/mqtt_hardware_interface/share/mqtt_hardware_interface/local_setup.dsv
-- Installing: /home/dev/Documents/ORION_VI/mqtt_hardware_interface/install/mqtt_hardware_interface/share/mqtt_hardware_interface/package.dsv
-- Installing: /home/dev/Documents/ORION_VI/mqtt_hardware_interface/install/mqtt_hardware_interface/share/ament_index/resource_index/packages/mqtt_hardware_interface
-- Installing: /home/dev/Documents/ORION_VI/mqtt_hardware_interface/install/mqtt_hardware_interface/share/ament_index/resource_index/hardware_interface__pluginlib__plugin/mqtt_hardware_interface
-- Installing: /home/dev/Documents/ORION_VI/mqtt_hardware_interface/install/mqtt_hardware_interface/share/mqtt_hardware_interface/cmake/export_mqtt_hardware_interfaceExport.cmake
-- Installing: /home/dev/Documents/ORION_VI/mqtt_hardware_interface/install/mqtt_hardware_interface/share/mqtt_hardware_interface/cmake/export_mqtt_hardware_interfaceExport-noconfig.cmake
-- Installing: /home/dev/Documents/ORION_VI/mqtt_hardware_interface/install/mqtt_hardware_interface/share/mqtt_hardware_interface/cmake/ament_cmake_export_targets-extras.cmake
-- Installing: /home/dev/Documents/ORION_VI/mqtt_hardware_interface/install/mqtt_hardware_interface/share/mqtt_hardware_interface/cmake/ament_cmake_export_dependencies-extras.cmake
-- Installing: /home/dev/Documents/ORION_VI/mqtt_hardware_interface/install/mqtt_hardware_interface/share/mqtt_hardware_interface/cmake/mqtt_hardware_interfaceConfig.cmake
-- Installing: /home/dev/Documents/ORION_VI/mqtt_hardware_interface/install/mqtt_hardware_interface/share/mqtt_hardware_interface/cmake/mqtt_hardware_interfaceConfig-version.cmake
-- Installing: /home/dev/Documents/ORION_VI/mqtt_hardware_interface/install/mqtt_hardware_interface/share/mqtt_hardware_interface/package.xml
