[0.038s] Invoking command in '/home/dev/Documents/ORION_VI/mqtt_hardware_interface/build/mqtt_hardware_interface': CMAKE_PREFIX_PATH=${CMAKE_PREFIX_PATH}:/opt/ros/jazzy DEBUGINFOD_URLS=https://debuginfod.ubuntu.com /usr/bin/cmake --build /home/dev/Documents/ORION_VI/mqtt_hardware_interface/build/mqtt_hardware_interface -- -j6 -l6
[0.163s] [100%] Built target mqtt_hardware_interface
[0.174s] Invoked command in '/home/dev/Documents/ORION_VI/mqtt_hardware_interface/build/mqtt_hardware_interface' returned '0': CMAKE_PREFIX_PATH=${CMAKE_PREFIX_PATH}:/opt/ros/jazzy DEBUGINFOD_URLS=https://debuginfod.ubuntu.com /usr/bin/cmake --build /home/dev/Documents/ORION_VI/mqtt_hardware_interface/build/mqtt_hardware_interface -- -j6 -l6
[0.183s] Invoking command in '/home/dev/Documents/ORION_VI/mqtt_hardware_interface/build/mqtt_hardware_interface': CMAKE_PREFIX_PATH=${CMAKE_PREFIX_PATH}:/opt/ros/jazzy DEBUGINFOD_URLS=https://debuginfod.ubuntu.com /usr/bin/cmake --install /home/dev/Documents/ORION_VI/mqtt_hardware_interface/build/mqtt_hardware_interface
[0.191s] -- Install configuration: ""
[0.191s] -- Up-to-date: /home/dev/Documents/ORION_VI/mqtt_hardware_interface/install/mqtt_hardware_interface/share/mqtt_hardware_interface/mqtt_hardware_interface.xml
[0.192s] -- Up-to-date: /home/dev/Documents/ORION_VI/mqtt_hardware_interface/install/mqtt_hardware_interface/include/mqtt_hardware_interface
[0.192s] -- Up-to-date: /home/dev/Documents/ORION_VI/mqtt_hardware_interface/install/mqtt_hardware_interface/include/mqtt_hardware_interface/mqtt_hardware_interface
[0.192s] -- Up-to-date: /home/dev/Documents/ORION_VI/mqtt_hardware_interface/install/mqtt_hardware_interface/include/mqtt_hardware_interface/mqtt_hardware_interface/mqtt_hardware_interface.hpp
[0.192s] -- Up-to-date: /home/dev/Documents/ORION_VI/mqtt_hardware_interface/install/mqtt_hardware_interface/lib/libmqtt_hardware_interface.so
[0.192s] -- Up-to-date: /home/dev/Documents/ORION_VI/mqtt_hardware_interface/install/mqtt_hardware_interface/share/mqtt_hardware_interface
[0.192s] -- Installing: /home/dev/Documents/ORION_VI/mqtt_hardware_interface/install/mqtt_hardware_interface/share/mqtt_hardware_interface/environment/library_path.sh
[0.206s] -- Installing: /home/dev/Documents/ORION_VI/mqtt_hardware_interface/install/mqtt_hardware_interface/share/mqtt_hardware_interface/environment/library_path.dsv
[0.217s] -- Installing: /home/dev/Documents/ORION_VI/mqtt_hardware_interface/install/mqtt_hardware_interface/share/ament_index/resource_index/package_run_dependencies/mqtt_hardware_interface
[0.218s] -- Installing: /home/dev/Documents/ORION_VI/mqtt_hardware_interface/install/mqtt_hardware_interface/share/ament_index/resource_index/parent_prefix_path/mqtt_hardware_interface
[0.218s] -- Installing: /home/dev/Documents/ORION_VI/mqtt_hardware_interface/install/mqtt_hardware_interface/share/mqtt_hardware_interface/environment/ament_prefix_path.sh
[0.225s] -- Installing: /home/dev/Documents/ORION_VI/mqtt_hardware_interface/install/mqtt_hardware_interface/share/mqtt_hardware_interface/environment/ament_prefix_path.dsv
[0.225s] -- Installing: /home/dev/Documents/ORION_VI/mqtt_hardware_interface/install/mqtt_hardware_interface/share/mqtt_hardware_interface/environment/path.sh
[0.226s] -- Installing: /home/dev/Documents/ORION_VI/mqtt_hardware_interface/install/mqtt_hardware_interface/share/mqtt_hardware_interface/environment/path.dsv
[0.226s] -- Installing: /home/dev/Documents/ORION_VI/mqtt_hardware_interface/install/mqtt_hardware_interface/share/mqtt_hardware_interface/local_setup.bash
[0.233s] -- Installing: /home/dev/Documents/ORION_VI/mqtt_hardware_interface/install/mqtt_hardware_interface/share/mqtt_hardware_interface/local_setup.sh
[0.240s] -- Installing: /home/dev/Documents/ORION_VI/mqtt_hardware_interface/install/mqtt_hardware_interface/share/mqtt_hardware_interface/local_setup.zsh
[0.250s] -- Installing: /home/dev/Documents/ORION_VI/mqtt_hardware_interface/install/mqtt_hardware_interface/share/mqtt_hardware_interface/local_setup.dsv
[0.250s] -- Installing: /home/dev/Documents/ORION_VI/mqtt_hardware_interface/install/mqtt_hardware_interface/share/mqtt_hardware_interface/package.dsv
[0.250s] -- Installing: /home/dev/Documents/ORION_VI/mqtt_hardware_interface/install/mqtt_hardware_interface/share/ament_index/resource_index/packages/mqtt_hardware_interface
[0.251s] -- Installing: /home/dev/Documents/ORION_VI/mqtt_hardware_interface/install/mqtt_hardware_interface/share/ament_index/resource_index/hardware_interface__pluginlib__plugin/mqtt_hardware_interface
[0.251s] -- Installing: /home/dev/Documents/ORION_VI/mqtt_hardware_interface/install/mqtt_hardware_interface/share/mqtt_hardware_interface/cmake/export_mqtt_hardware_interfaceExport.cmake
[0.251s] -- Installing: /home/dev/Documents/ORION_VI/mqtt_hardware_interface/install/mqtt_hardware_interface/share/mqtt_hardware_interface/cmake/export_mqtt_hardware_interfaceExport-noconfig.cmake
[0.251s] -- Installing: /home/dev/Documents/ORION_VI/mqtt_hardware_interface/install/mqtt_hardware_interface/share/mqtt_hardware_interface/cmake/ament_cmake_export_targets-extras.cmake
[0.256s] -- Installing: /home/dev/Documents/ORION_VI/mqtt_hardware_interface/install/mqtt_hardware_interface/share/mqtt_hardware_interface/cmake/ament_cmake_export_dependencies-extras.cmake
[0.257s] -- Installing: /home/dev/Documents/ORION_VI/mqtt_hardware_interface/install/mqtt_hardware_interface/share/mqtt_hardware_interface/cmake/mqtt_hardware_interfaceConfig.cmake
[0.257s] -- Installing: /home/dev/Documents/ORION_VI/mqtt_hardware_interface/install/mqtt_hardware_interface/share/mqtt_hardware_interface/cmake/mqtt_hardware_interfaceConfig-version.cmake
[0.257s] -- Installing: /home/dev/Documents/ORION_VI/mqtt_hardware_interface/install/mqtt_hardware_interface/share/mqtt_hardware_interface/package.xml
[0.259s] Invoked command in '/home/dev/Documents/ORION_VI/mqtt_hardware_interface/build/mqtt_hardware_interface' returned '0': CMAKE_PREFIX_PATH=${CMAKE_PREFIX_PATH}:/opt/ros/jazzy DEBUGINFOD_URLS=https://debuginfod.ubuntu.com /usr/bin/cmake --install /home/dev/Documents/ORION_VI/mqtt_hardware_interface/build/mqtt_hardware_interface
