[ 50%] [32mBuilding CXX object CMakeFiles/mqtt_hardware_interface.dir/src/mqtt_hardware_interface.cpp.o[0m
In file included from [01m[K/home/dev/Documents/ORION_VI/mqtt_hardware_interface/src/mqtt_hardware_interface.cpp:1[m[K:
[01m[K/home/dev/Documents/ORION_VI/mqtt_hardware_interface/include/mqtt_hardware_interface/mqtt_hardware_interface.hpp:53:2:[m[K [01;31m[Kerror: [m[Kexpected ‘[01m[K;[m[K’ after class definition
   53 | }
      |  [01;31m[K^[m[K
      |  [32m[K;[m[K
[01m[K/home/dev/Documents/ORION_VI/mqtt_hardware_interface/src/mqtt_hardware_interface.cpp:[m[K In member function ‘[01m[Kvirtual hardware_interface::CallbackReturn mqtt_hardware_interface::MqttHardwareInterface::[01;32m[Kon_init[m[K(const hardware_interface::HardwareComponentInterfaceParams&)[m[K’:
[01m[K/home/dev/Documents/ORION_VI/mqtt_hardware_interface/src/mqtt_hardware_interface.cpp:18:40:[m[K [01;31m[Kerror: [m[K‘[01m[Kparams_[m[K’ was not declared in this scope; did you mean ‘[01m[Kparams[m[K’?
   18 |   std::string mqtt_broker_server_uri = [01;31m[Kparams_[m[K.hardware_parameters["mqtt_broker_server_uri"];
      |                                        [01;31m[K^~~~~~~[m[K
      |                                        [32m[Kparams[m[K
[01m[K/home/dev/Documents/ORION_VI/mqtt_hardware_interface/src/mqtt_hardware_interface.cpp:28:28:[m[K [01;31m[Kerror: [m[K‘[01m[KComponentparams[m[K’ is not a member of ‘[01m[Khardware_interface[m[K’
   28 |   for (hardware_interface::[01;31m[KComponentparams[m[K & joint : params_.joints)
      |                            [01;31m[K^~~~~~~~~~~~~~~[m[K
[01m[K/home/dev/Documents/ORION_VI/mqtt_hardware_interface/src/mqtt_hardware_interface.cpp:28:52:[m[K [01;31m[Kerror: [m[Kfound ‘[01m[K:[m[K’ in nested-name-specifier, expected ‘[01m[K::[m[K’
   28 |   for (hardware_interface::Componentparams & joint [01;31m[K:[m[K params_.joints)
      |                                                    [01;31m[K^[m[K
      |                                                    [32m[K::[m[K
[01m[K/home/dev/Documents/ORION_VI/mqtt_hardware_interface/src/mqtt_hardware_interface.cpp:28:46:[m[K [01;31m[Kerror: [m[K‘[01m[Kjoint[m[K’ has not been declared
   28 |   for (hardware_interface::Componentparams & [01;31m[Kjoint[m[K : params_.joints)
      |                                              [01;31m[K^~~~~[m[K
In file included from [01m[K/opt/ros/jazzy/include/rclcpp/rclcpp/copy_all_parameter_values.hpp:27[m[K,
                 from [01m[K/opt/ros/jazzy/include/rclcpp/rclcpp/rclcpp.hpp:171[m[K,
                 from [01m[K/opt/ros/jazzy/include/pal_statistics/pal_statistics/pal_statistics_utils.hpp:45[m[K,
                 from [01m[K/opt/ros/jazzy/include/pal_statistics/pal_statistics/pal_statistics.hpp:38[m[K,
                 from [01m[K/opt/ros/jazzy/include/pal_statistics/pal_statistics/pal_statistics_macros.hpp:36[m[K,
                 from [01m[K/opt/ros/jazzy/include/hardware_interface/hardware_interface/introspection.hpp:23[m[K,
                 from [01m[K/opt/ros/jazzy/include/hardware_interface/hardware_interface/handle.hpp:32[m[K,
                 from [01m[K/opt/ros/jazzy/include/hardware_interface/hardware_interface/hardware_component_interface.hpp:28[m[K,
                 from [01m[K/opt/ros/jazzy/include/hardware_interface/hardware_interface/system_interface.hpp:18[m[K,
                 from [01m[K/home/dev/Documents/ORION_VI/mqtt_hardware_interface/include/mqtt_hardware_interface/mqtt_hardware_interface.hpp:4[m[K:
[01m[K/home/dev/Documents/ORION_VI/mqtt_hardware_interface/src/mqtt_hardware_interface.cpp:72:3:[m[K [01;31m[Kerror: [m[Kexpected primary-expression before ‘[01m[Kdo[m[K’
   72 |   [01;31m[KRCLCPP_DEBUG_STREAM[m[K(rclcpp::get_logger("MqttHardwareInterface"), "Finished `on_init`!");
      |   [01;31m[K^~~~~~~~~~~~~~~~~~~[m[K
[01m[K/home/dev/Documents/ORION_VI/mqtt_hardware_interface/src/mqtt_hardware_interface.cpp:71:4:[m[K [01;31m[Kerror: [m[Kexpected ‘[01m[K;[m[K’ before ‘[01m[Kdo[m[K’
   71 |   }
      |    [01;31m[K^[m[K
      |    [32m[K;[m[K
[01m[K/home/dev/Documents/ORION_VI/mqtt_hardware_interface/src/mqtt_hardware_interface.cpp:72:3:[m[K [01;31m[Kerror: [m[Kexpected primary-expression before ‘[01m[Kdo[m[K’
   72 |   [01;31m[KRCLCPP_DEBUG_STREAM[m[K(rclcpp::get_logger("MqttHardwareInterface"), "Finished `on_init`!");
      |   [01;31m[K^~~~~~~~~~~~~~~~~~~[m[K
[01m[K/home/dev/Documents/ORION_VI/mqtt_hardware_interface/src/mqtt_hardware_interface.cpp:71:4:[m[K [01;31m[Kerror: [m[Kexpected ‘[01m[K)[m[K’ before ‘[01m[Kdo[m[K’
   71 |   }
      |    [01;31m[K^[m[K
      |    [32m[K)[m[K
[01m[K/home/dev/Documents/ORION_VI/mqtt_hardware_interface/src/mqtt_hardware_interface.cpp:28:7:[m[K [01;36m[Knote: [m[Kto match this ‘[01m[K([m[K’
   28 |   for [01;36m[K([m[Khardware_interface::Componentparams & joint : params_.joints)
      |       [01;36m[K^[m[K
[01m[K/home/dev/Documents/ORION_VI/mqtt_hardware_interface/src/mqtt_hardware_interface.cpp:[m[K In member function ‘[01m[Kvirtual hardware_interface::CallbackReturn mqtt_hardware_interface::MqttHardwareInterface::[01;32m[Kon_configure[m[K(const rclcpp_lifecycle::State&)[m[K’:
[01m[K/home/dev/Documents/ORION_VI/mqtt_hardware_interface/src/mqtt_hardware_interface.cpp:78:39:[m[K [01;35m[Kwarning: [m[Kunused parameter ‘[01m[Kprevious_state[m[K’ [[01;35m[K]8;;https://gcc.gnu.org/onlinedocs/gcc/Warning-Options.html#index-Wunused-parameter-Wunused-parameter]8;;[m[K]
   78 |       [01;35m[Kconst rclcpp_lifecycle::State & previous_state[m[K)
      |       [01;35m[K~~~~~~~~~~~~~~~~~~~~~~~~~~~~~~~~^~~~~~~~~~~~~~[m[K
[01m[K/home/dev/Documents/ORION_VI/mqtt_hardware_interface/src/mqtt_hardware_interface.cpp:[m[K In member function ‘[01m[Kvirtual hardware_interface::CallbackReturn mqtt_hardware_interface::MqttHardwareInterface::[01;32m[Kon_cleanup[m[K(const rclcpp_lifecycle::State&)[m[K’:
[01m[K/home/dev/Documents/ORION_VI/mqtt_hardware_interface/src/mqtt_hardware_interface.cpp:84:39:[m[K [01;35m[Kwarning: [m[Kunused parameter ‘[01m[Kprevious_state[m[K’ [[01;35m[K]8;;https://gcc.gnu.org/onlinedocs/gcc/Warning-Options.html#index-Wunused-parameter-Wunused-parameter]8;;[m[K]
   84 |       [01;35m[Kconst rclcpp_lifecycle::State & previous_state[m[K)
      |       [01;35m[K~~~~~~~~~~~~~~~~~~~~~~~~~~~~~~~~^~~~~~~~~~~~~~[m[K
[01m[K/home/dev/Documents/ORION_VI/mqtt_hardware_interface/src/mqtt_hardware_interface.cpp:[m[K At global scope:
[01m[K/home/dev/Documents/ORION_VI/mqtt_hardware_interface/src/mqtt_hardware_interface.cpp:89:13:[m[K [01;31m[Kerror: [m[K‘[01m[KStateInterface[m[K’ was not declared in this scope; did you mean ‘[01m[Khardware_interface::StateInterface[m[K’?
   89 | std::vector<[01;31m[KStateInterface[m[K> MqttHardwareInterface::export_state_interfaces()
      |             [01;31m[K^~~~~~~~~~~~~~[m[K
      |             [32m[Khardware_interface::StateInterface[m[K
[01m[K/opt/ros/jazzy/include/hardware_interface/hardware_interface/handle.hpp:677:7:[m[K [01;36m[Knote: [m[K‘[01m[Khardware_interface::StateInterface[m[K’ declared here
  677 | class [01;36m[KStateInterface[m[K : public Handle
      |       [01;36m[K^~~~~~~~~~~~~~[m[K
[01m[K/home/dev/Documents/ORION_VI/mqtt_hardware_interface/src/mqtt_hardware_interface.cpp:89:27:[m[K [01;31m[Kerror: [m[Ktemplate argument 1 is invalid
   89 | std::vector<StateInterface[01;31m[K>[m[K MqttHardwareInterface::export_state_interfaces()
      |                           [01;31m[K^[m[K
[01m[K/home/dev/Documents/ORION_VI/mqtt_hardware_interface/src/mqtt_hardware_interface.cpp:89:27:[m[K [01;31m[Kerror: [m[Ktemplate argument 2 is invalid
[01m[K/home/dev/Documents/ORION_VI/mqtt_hardware_interface/src/mqtt_hardware_interface.cpp:89:29:[m[K [01;31m[Kerror: [m[Kno declaration matches ‘[01m[Kint mqtt_hardware_interface::MqttHardwareInterface::[01;32m[Kexport_state_interfaces[m[K()[m[K’
   89 | std::vector<StateInterface> [01;31m[KMqttHardwareInterface[m[K::export_state_interfaces()
      |                             [01;31m[K^~~~~~~~~~~~~~~~~~~~~[m[K
[01m[K/home/dev/Documents/ORION_VI/mqtt_hardware_interface/include/mqtt_hardware_interface/mqtt_hardware_interface.hpp:20:53:[m[K [01;36m[Knote: [m[Kcandidate is: ‘[01m[Kvirtual std::vector<hardware_interface::StateInterface> mqtt_hardware_interface::MqttHardwareInterface::[01;32m[Kexport_state_interfaces[m[K()[m[K’
   20 |     std::vector<hardware_interface::StateInterface> [01;36m[Kexport_state_interfaces[m[K() override;
      |                                                     [01;36m[K^~~~~~~~~~~~~~~~~~~~~~~[m[K
[01m[K/home/dev/Documents/ORION_VI/mqtt_hardware_interface/include/mqtt_hardware_interface/mqtt_hardware_interface.hpp:12:7:[m[K [01;36m[Knote: [m[K‘[01m[Kclass mqtt_hardware_interface::MqttHardwareInterface[m[K’ defined here
   12 | class [01;36m[KMqttHardwareInterface[m[K : public hardware_interface::SystemInterface
      |       [01;36m[K^~~~~~~~~~~~~~~~~~~~~[m[K
[01m[K/home/dev/Documents/ORION_VI/mqtt_hardware_interface/src/mqtt_hardware_interface.cpp:[m[K In member function ‘[01m[Kvirtual std::vector<hardware_interface::CommandInterface> mqtt_hardware_interface::MqttHardwareInterface::[01;32m[Kexport_command_interfaces[m[K()[m[K’:
[01m[K/home/dev/Documents/ORION_VI/mqtt_hardware_interface/src/mqtt_hardware_interface.cpp:120:29:[m[K [01;31m[Kerror: [m[K‘[01m[Kparams_[m[K’ was not declared in this scope
  120 |   for (const auto & joint : [01;31m[Kparams_[m[K.joints)
      |                             [01;31m[K^~~~~~~[m[K
gmake[2]: *** [CMakeFiles/mqtt_hardware_interface.dir/build.make:76: CMakeFiles/mqtt_hardware_interface.dir/src/mqtt_hardware_interface.cpp.o] Error 1
gmake[1]: *** [CMakeFiles/Makefile2:137: CMakeFiles/mqtt_hardware_interface.dir/all] Error 2
gmake: *** [Makefile:146: all] Error 2
