[0.033s] Invoking command in '/home/dev/Documents/ORION_VI/mqtt_hardware_interface/build/mqtt_hardware_interface': CMAKE_PREFIX_PATH=${CMAKE_PREFIX_PATH}:/opt/ros/jazzy DEBUGINFOD_URLS=https://debuginfod.ubuntu.com /usr/bin/cmake --build /home/dev/Documents/ORION_VI/mqtt_hardware_interface/build/mqtt_hardware_interface -- -j6 -l6
[0.157s] [ 50%] [32mBuilding CXX object CMakeFiles/mqtt_hardware_interface.dir/src/mqtt_hardware_interface.cpp.o[0m
[2.529s] [01m[K/home/dev/Documents/ORION_VI/mqtt_hardware_interface/src/mqtt_hardware_interface.cpp:[m[K In member function ‘[01m[Kvirtual hardware_interface::CallbackReturn mqtt_hardware_interface::MqttHardwareInterface::[01;32m[Kon_init[m[K(const hardware_interface::HardwareComponentInterfaceParams&)[m[K’:
[2.529s] [01m[K/home/dev/Documents/ORION_VI/mqtt_hardware_interface/src/mqtt_hardware_interface.cpp:16:47:[m[K [01;31m[Kerror: [m[K‘[01m[Kconst struct hardware_interface::HardwareComponentInterfaceParams[m[K’ has no member named ‘[01m[Khardware_parameters[m[K’
[2.529s]    16 |   std::string mqtt_broker_server_uri = params.[01;31m[Khardware_parameters[m[K["mqtt_broker_server_uri"];
[2.529s]       |                                               [01;31m[K^~~~~~~~~~~~~~~~~~~[m[K
[2.530s] [01m[K/home/dev/Documents/ORION_VI/mqtt_hardware_interface/src/mqtt_hardware_interface.cpp:26:28:[m[K [01;31m[Kerror: [m[K‘[01m[KComponentparams[m[K’ is not a member of ‘[01m[Khardware_interface[m[K’
[2.530s]    26 |   for (hardware_interface::[01;31m[KComponentparams[m[K & joint : params.joints)
[2.530s]       |                            [01;31m[K^~~~~~~~~~~~~~~[m[K
[2.530s] [01m[K/home/dev/Documents/ORION_VI/mqtt_hardware_interface/src/mqtt_hardware_interface.cpp:26:52:[m[K [01;31m[Kerror: [m[Kfound ‘[01m[K:[m[K’ in nested-name-specifier, expected ‘[01m[K::[m[K’
[2.530s]    26 |   for (hardware_interface::Componentparams & joint [01;31m[K:[m[K params.joints)
[2.530s]       |                                                    [01;31m[K^[m[K
[2.531s]       |                                                    [32m[K::[m[K
[2.531s] [01m[K/home/dev/Documents/ORION_VI/mqtt_hardware_interface/src/mqtt_hardware_interface.cpp:26:46:[m[K [01;31m[Kerror: [m[K‘[01m[Kjoint[m[K’ has not been declared
[2.531s]    26 |   for (hardware_interface::Componentparams & [01;31m[Kjoint[m[K : params.joints)
[2.531s]       |                                              [01;31m[K^~~~~[m[K
[2.531s] In file included from [01m[K/opt/ros/jazzy/include/rclcpp/rclcpp/copy_all_parameter_values.hpp:27[m[K,
[2.531s]                  from [01m[K/opt/ros/jazzy/include/rclcpp/rclcpp/rclcpp.hpp:171[m[K,
[2.531s]                  from [01m[K/opt/ros/jazzy/include/pal_statistics/pal_statistics/pal_statistics_utils.hpp:45[m[K,
[2.531s]                  from [01m[K/opt/ros/jazzy/include/pal_statistics/pal_statistics/pal_statistics.hpp:38[m[K,
[2.531s]                  from [01m[K/opt/ros/jazzy/include/pal_statistics/pal_statistics/pal_statistics_macros.hpp:36[m[K,
[2.531s]                  from [01m[K/opt/ros/jazzy/include/hardware_interface/hardware_interface/introspection.hpp:23[m[K,
[2.531s]                  from [01m[K/opt/ros/jazzy/include/hardware_interface/hardware_interface/handle.hpp:32[m[K,
[2.531s]                  from [01m[K/opt/ros/jazzy/include/hardware_interface/hardware_interface/hardware_component_interface.hpp:28[m[K,
[2.531s]                  from [01m[K/opt/ros/jazzy/include/hardware_interface/hardware_interface/system_interface.hpp:18[m[K,
[2.532s]                  from [01m[K/home/dev/Documents/ORION_VI/mqtt_hardware_interface/include/mqtt_hardware_interface/mqtt_hardware_interface.hpp:4[m[K,
[2.532s]                  from [01m[K/home/dev/Documents/ORION_VI/mqtt_hardware_interface/src/mqtt_hardware_interface.cpp:1[m[K:
[2.532s] [01m[K/home/dev/Documents/ORION_VI/mqtt_hardware_interface/src/mqtt_hardware_interface.cpp:70:3:[m[K [01;31m[Kerror: [m[Kexpected primary-expression before ‘[01m[Kdo[m[K’
[2.532s]    70 |   [01;31m[KRCLCPP_DEBUG_STREAM[m[K(rclcpp::get_logger("MqttHardwareInterface"), "Finished `on_init`!");
[2.533s]       |   [01;31m[K^~~~~~~~~~~~~~~~~~~[m[K
[2.533s] [01m[K/home/dev/Documents/ORION_VI/mqtt_hardware_interface/src/mqtt_hardware_interface.cpp:69:4:[m[K [01;31m[Kerror: [m[Kexpected ‘[01m[K;[m[K’ before ‘[01m[Kdo[m[K’
[2.533s]    69 |   }
[2.533s]       |    [01;31m[K^[m[K
[2.533s]       |    [32m[K;[m[K
[2.533s] [01m[K/home/dev/Documents/ORION_VI/mqtt_hardware_interface/src/mqtt_hardware_interface.cpp:70:3:[m[K [01;31m[Kerror: [m[Kexpected primary-expression before ‘[01m[Kdo[m[K’
[2.533s]    70 |   [01;31m[KRCLCPP_DEBUG_STREAM[m[K(rclcpp::get_logger("MqttHardwareInterface"), "Finished `on_init`!");
[2.533s]       |   [01;31m[K^~~~~~~~~~~~~~~~~~~[m[K
[2.533s] [01m[K/home/dev/Documents/ORION_VI/mqtt_hardware_interface/src/mqtt_hardware_interface.cpp:69:4:[m[K [01;31m[Kerror: [m[Kexpected ‘[01m[K)[m[K’ before ‘[01m[Kdo[m[K’
[2.533s]    69 |   }
[2.533s]       |    [01;31m[K^[m[K
[2.533s]       |    [32m[K)[m[K
[2.533s] [01m[K/home/dev/Documents/ORION_VI/mqtt_hardware_interface/src/mqtt_hardware_interface.cpp:26:7:[m[K [01;36m[Knote: [m[Kto match this ‘[01m[K([m[K’
[2.533s]    26 |   for [01;36m[K([m[Khardware_interface::Componentparams & joint : params.joints)
[2.533s]       |       [01;36m[K^[m[K
[2.533s] [01m[K/home/dev/Documents/ORION_VI/mqtt_hardware_interface/src/mqtt_hardware_interface.cpp:[m[K In member function ‘[01m[Kvirtual hardware_interface::CallbackReturn mqtt_hardware_interface::MqttHardwareInterface::[01;32m[Kon_configure[m[K(const rclcpp_lifecycle::State&)[m[K’:
[2.534s] [01m[K/home/dev/Documents/ORION_VI/mqtt_hardware_interface/src/mqtt_hardware_interface.cpp:76:39:[m[K [01;35m[Kwarning: [m[Kunused parameter ‘[01m[Kprevious_state[m[K’ [[01;35m[K]8;;https://gcc.gnu.org/onlinedocs/gcc/Warning-Options.html#index-Wunused-parameter-Wunused-parameter]8;;[m[K]
[2.534s]    76 |       [01;35m[Kconst rclcpp_lifecycle::State & previous_state[m[K)
[2.534s]       |       [01;35m[K~~~~~~~~~~~~~~~~~~~~~~~~~~~~~~~~^~~~~~~~~~~~~~[m[K
[2.534s] [01m[K/home/dev/Documents/ORION_VI/mqtt_hardware_interface/src/mqtt_hardware_interface.cpp:[m[K In member function ‘[01m[Kvirtual hardware_interface::CallbackReturn mqtt_hardware_interface::MqttHardwareInterface::[01;32m[Kon_cleanup[m[K(const rclcpp_lifecycle::State&)[m[K’:
[2.534s] [01m[K/home/dev/Documents/ORION_VI/mqtt_hardware_interface/src/mqtt_hardware_interface.cpp:82:39:[m[K [01;35m[Kwarning: [m[Kunused parameter ‘[01m[Kprevious_state[m[K’ [[01;35m[K]8;;https://gcc.gnu.org/onlinedocs/gcc/Warning-Options.html#index-Wunused-parameter-Wunused-parameter]8;;[m[K]
[2.534s]    82 |       [01;35m[Kconst rclcpp_lifecycle::State & previous_state[m[K)
[2.534s]       |       [01;35m[K~~~~~~~~~~~~~~~~~~~~~~~~~~~~~~~~^~~~~~~~~~~~~~[m[K
[2.534s] [01m[K/home/dev/Documents/ORION_VI/mqtt_hardware_interface/src/mqtt_hardware_interface.cpp:[m[K At global scope:
[2.534s] [01m[K/home/dev/Documents/ORION_VI/mqtt_hardware_interface/src/mqtt_hardware_interface.cpp:87:13:[m[K [01;31m[Kerror: [m[K‘[01m[KStateInterface[m[K’ was not declared in this scope; did you mean ‘[01m[Khardware_interface::StateInterface[m[K’?
[2.534s]    87 | std::vector<[01;31m[KStateInterface[m[K> MqttHardwareInterface::export_state_interfaces()
[2.534s]       |             [01;31m[K^~~~~~~~~~~~~~[m[K
[2.534s]       |             [32m[Khardware_interface::StateInterface[m[K
[2.534s] [01m[K/opt/ros/jazzy/include/hardware_interface/hardware_interface/handle.hpp:677:7:[m[K [01;36m[Knote: [m[K‘[01m[Khardware_interface::StateInterface[m[K’ declared here
[2.534s]   677 | class [01;36m[KStateInterface[m[K : public Handle
[2.534s]       |       [01;36m[K^~~~~~~~~~~~~~[m[K
[2.535s] [01m[K/home/dev/Documents/ORION_VI/mqtt_hardware_interface/src/mqtt_hardware_interface.cpp:87:27:[m[K [01;31m[Kerror: [m[Ktemplate argument 1 is invalid
[2.535s]    87 | std::vector<StateInterface[01;31m[K>[m[K MqttHardwareInterface::export_state_interfaces()
[2.535s]       |                           [01;31m[K^[m[K
[2.535s] [01m[K/home/dev/Documents/ORION_VI/mqtt_hardware_interface/src/mqtt_hardware_interface.cpp:87:27:[m[K [01;31m[Kerror: [m[Ktemplate argument 2 is invalid
[2.535s] [01m[K/home/dev/Documents/ORION_VI/mqtt_hardware_interface/src/mqtt_hardware_interface.cpp:87:29:[m[K [01;31m[Kerror: [m[Kno declaration matches ‘[01m[Kint mqtt_hardware_interface::MqttHardwareInterface::[01;32m[Kexport_state_interfaces[m[K()[m[K’
[2.535s]    87 | std::vector<StateInterface> [01;31m[KMqttHardwareInterface[m[K::export_state_interfaces()
[2.535s]       |                             [01;31m[K^~~~~~~~~~~~~~~~~~~~~[m[K
[2.535s] [01m[K/home/dev/Documents/ORION_VI/mqtt_hardware_interface/include/mqtt_hardware_interface/mqtt_hardware_interface.hpp:20:53:[m[K [01;36m[Knote: [m[Kcandidate is: ‘[01m[Kvirtual std::vector<hardware_interface::StateInterface> mqtt_hardware_interface::MqttHardwareInterface::[01;32m[Kexport_state_interfaces[m[K()[m[K’
[2.535s]    20 |     std::vector<hardware_interface::StateInterface> [01;36m[Kexport_state_interfaces[m[K() override;
[2.535s]       |                                                     [01;36m[K^~~~~~~~~~~~~~~~~~~~~~~[m[K
[2.535s] [01m[K/home/dev/Documents/ORION_VI/mqtt_hardware_interface/include/mqtt_hardware_interface/mqtt_hardware_interface.hpp:12:7:[m[K [01;36m[Knote: [m[K‘[01m[Kclass mqtt_hardware_interface::MqttHardwareInterface[m[K’ defined here
[2.535s]    12 | class [01;36m[KMqttHardwareInterface[m[K : public hardware_interface::SystemInterface
[2.535s]       |       [01;36m[K^~~~~~~~~~~~~~~~~~~~~[m[K
[2.540s] [01m[K/home/dev/Documents/ORION_VI/mqtt_hardware_interface/src/mqtt_hardware_interface.cpp:[m[K In member function ‘[01m[Kvirtual std::vector<hardware_interface::CommandInterface> mqtt_hardware_interface::MqttHardwareInterface::[01;32m[Kexport_command_interfaces[m[K()[m[K’:
[2.540s] [01m[K/home/dev/Documents/ORION_VI/mqtt_hardware_interface/src/mqtt_hardware_interface.cpp:118:29:[m[K [01;31m[Kerror: [m[K‘[01m[Kparams[m[K’ was not declared in this scope
[2.540s]   118 |   for (const auto & joint : [01;31m[Kparams[m[K.joints)
[2.540s]       |                             [01;31m[K^~~~~~[m[K
[3.753s] gmake[2]: *** [CMakeFiles/mqtt_hardware_interface.dir/build.make:76: CMakeFiles/mqtt_hardware_interface.dir/src/mqtt_hardware_interface.cpp.o] Error 1
[3.753s] gmake[1]: *** [CMakeFiles/Makefile2:137: CMakeFiles/mqtt_hardware_interface.dir/all] Error 2
[3.753s] gmake: *** [Makefile:146: all] Error 2
[3.755s] Invoked command in '/home/dev/Documents/ORION_VI/mqtt_hardware_interface/build/mqtt_hardware_interface' returned '2': CMAKE_PREFIX_PATH=${CMAKE_PREFIX_PATH}:/opt/ros/jazzy DEBUGINFOD_URLS=https://debuginfod.ubuntu.com /usr/bin/cmake --build /home/dev/Documents/ORION_VI/mqtt_hardware_interface/build/mqtt_hardware_interface -- -j6 -l6
