[0.024s] Invoking command in '/home/dev/Documents/ORION_VI/mqtt_hardware_interface/build/mqtt_hardware_interface': CMAKE_PREFIX_PATH=${CMAKE_PREFIX_PATH}:/opt/ros/jazzy DEBUGINFOD_URLS=https://debuginfod.ubuntu.com /usr/bin/cmake --build /home/dev/Documents/ORION_VI/mqtt_hardware_interface/build/mqtt_hardware_interface -- -j6 -l6
[0.109s] [ 50%] [32mBuilding CXX object CMakeFiles/mqtt_hardware_interface.dir/src/mqtt_hardware_interface.cpp.o[0m
[2.341s] [01m[K/home/dev/Documents/ORION_VI/mqtt_hardware_interface/src/mqtt_hardware_interface.cpp:[m[K In member function ‘[01m[Kvirtual hardware_interface::CallbackReturn mqtt_hardware_interface::MqttHardwareInterface::[01;32m[Kon_configure[m[K(const rclcpp_lifecycle::State&)[m[K’:
[2.341s] [01m[K/home/dev/Documents/ORION_VI/mqtt_hardware_interface/src/mqtt_hardware_interface.cpp:80:39:[m[K [01;35m[Kwarning: [m[Kunused parameter ‘[01m[Kprevious_state[m[K’ [[01;35m[K]8;;https://gcc.gnu.org/onlinedocs/gcc/Warning-Options.html#index-Wunused-parameter-Wunused-parameter]8;;[m[K]
[2.341s]    80 |       [01;35m[Kconst rclcpp_lifecycle::State & previous_state[m[K)
[2.341s]       |       [01;35m[K~~~~~~~~~~~~~~~~~~~~~~~~~~~~~~~~^~~~~~~~~~~~~~[m[K
[2.341s] [01m[K/home/dev/Documents/ORION_VI/mqtt_hardware_interface/src/mqtt_hardware_interface.cpp:[m[K In member function ‘[01m[Kvirtual hardware_interface::CallbackReturn mqtt_hardware_interface::MqttHardwareInterface::[01;32m[Kon_cleanup[m[K(const rclcpp_lifecycle::State&)[m[K’:
[2.341s] [01m[K/home/dev/Documents/ORION_VI/mqtt_hardware_interface/src/mqtt_hardware_interface.cpp:86:39:[m[K [01;35m[Kwarning: [m[Kunused parameter ‘[01m[Kprevious_state[m[K’ [[01;35m[K]8;;https://gcc.gnu.org/onlinedocs/gcc/Warning-Options.html#index-Wunused-parameter-Wunused-parameter]8;;[m[K]
[2.341s]    86 |       [01;35m[Kconst rclcpp_lifecycle::State & previous_state[m[K)
[2.341s]       |       [01;35m[K~~~~~~~~~~~~~~~~~~~~~~~~~~~~~~~~^~~~~~~~~~~~~~[m[K
[2.378s] [01m[K/home/dev/Documents/ORION_VI/mqtt_hardware_interface/src/mqtt_hardware_interface.cpp:[m[K In member function ‘[01m[Kvirtual std::vector<hardware_interface::StateInterface> mqtt_hardware_interface::MqttHardwareInterface::[01;32m[Kexport_state_interfaces[m[K()[m[K’:
[2.378s] [01m[K/home/dev/Documents/ORION_VI/mqtt_hardware_interface/src/mqtt_hardware_interface.cpp:95:29:[m[K [01;31m[Kerror: [m[K‘[01m[Kparams[m[K’ was not declared in this scope
[2.378s]    95 |   for (const auto & joint : [01;31m[Kparams[m[K.joints)
[2.378s]       |                             [01;31m[K^~~~~~[m[K
[2.383s] [01m[K/home/dev/Documents/ORION_VI/mqtt_hardware_interface/src/mqtt_hardware_interface.cpp:106:30:[m[K [01;31m[Kerror: [m[K‘[01m[Kparams[m[K’ was not declared in this scope
[2.383s]   106 |   for (const auto & sensor : [01;31m[Kparams[m[K.sensors)
[2.383s]       |                              [01;31m[K^~~~~~[m[K
[2.391s] [01m[K/home/dev/Documents/ORION_VI/mqtt_hardware_interface/src/mqtt_hardware_interface.cpp:[m[K In member function ‘[01m[Kvirtual std::vector<hardware_interface::CommandInterface> mqtt_hardware_interface::MqttHardwareInterface::[01;32m[Kexport_command_interfaces[m[K()[m[K’:
[2.391s] [01m[K/home/dev/Documents/ORION_VI/mqtt_hardware_interface/src/mqtt_hardware_interface.cpp:122:29:[m[K [01;31m[Kerror: [m[K‘[01m[Kparams[m[K’ was not declared in this scope
[2.391s]   122 |   for (const auto & joint : [01;31m[Kparams[m[K.joints)
[2.391s]       |                             [01;31m[K^~~~~~[m[K
[3.527s] gmake[2]: *** [CMakeFiles/mqtt_hardware_interface.dir/build.make:76: CMakeFiles/mqtt_hardware_interface.dir/src/mqtt_hardware_interface.cpp.o] Error 1
[3.527s] gmake[1]: *** [CMakeFiles/Makefile2:137: CMakeFiles/mqtt_hardware_interface.dir/all] Error 2
[3.528s] gmake: *** [Makefile:146: all] Error 2
[3.530s] Invoked command in '/home/dev/Documents/ORION_VI/mqtt_hardware_interface/build/mqtt_hardware_interface' returned '2': CMAKE_PREFIX_PATH=${CMAKE_PREFIX_PATH}:/opt/ros/jazzy DEBUGINFOD_URLS=https://debuginfod.ubuntu.com /usr/bin/cmake --build /home/dev/Documents/ORION_VI/mqtt_hardware_interface/build/mqtt_hardware_interface -- -j6 -l6
