[2.403s] DEBUG:colcon:Command line arguments: ['/usr/bin/colcon', 'build']
[2.403s] DEBUG:colcon:Parsed command line arguments: Namespace(log_base=None, log_level=None, verb_name='build', build_base='build', install_base='install', merge_install=False, symlink_install=False, test_result_base=None, continue_on_error=False, executor='parallel', parallel_workers=6, event_handlers=None, ignore_user_meta=False, metas=['./colcon.meta'], base_paths=['.'], packages_ignore=None, packages_ignore_regex=None, paths=None, packages_up_to=None, packages_up_to_regex=None, packages_above=None, packages_above_and_dependencies=None, packages_above_depth=None, packages_select_by_dep=None, packages_skip_by_dep=None, packages_skip_up_to=None, packages_select_build_failed=False, packages_skip_build_finished=False, packages_select_test_failures=False, packages_skip_test_passed=False, packages_select=None, packages_skip=None, packages_select_regex=None, packages_skip_regex=None, packages_start=None, packages_end=None, cmake_args=None, cmake_target=None, cmake_target_skip_unavailable=False, cmake_clean_cache=False, cmake_clean_first=False, cmake_force_configure=False, ament_cmake_args=None, catkin_cmake_args=None, catkin_skip_building_tests=False, verb_parser=<colcon_defaults.argument_parser.defaults.DefaultArgumentsDecorator object at 0x7da7da305520>, verb_extension=<colcon_core.verb.build.BuildVerb object at 0x7da7da305310>, main=<bound method BuildVerb.main of <colcon_core.verb.build.BuildVerb object at 0x7da7da305310>>)
[2.693s] Level 1:colcon.colcon_core.package_discovery:discover_packages(colcon_meta) check parameters
[2.693s] Level 1:colcon.colcon_core.package_discovery:discover_packages(recursive) check parameters
[2.693s] Level 1:colcon.colcon_core.package_discovery:discover_packages(ignore) check parameters
[2.693s] Level 1:colcon.colcon_core.package_discovery:discover_packages(path) check parameters
[2.693s] Level 1:colcon.colcon_core.package_discovery:discover_packages(colcon_meta) discover
[2.693s] Level 1:colcon.colcon_core.package_discovery:discover_packages(recursive) discover
[2.693s] INFO:colcon.colcon_core.package_discovery:Crawling recursively for packages in '/home/dev/Documents/ORION_VI/mqtt_hardware_interface'
[2.693s] Level 1:colcon.colcon_core.package_identification:_identify(.) by extensions ['ignore', 'ignore_ament_install']
[2.693s] Level 1:colcon.colcon_core.package_identification:_identify(.) by extension 'ignore'
[2.693s] Level 1:colcon.colcon_core.package_identification:_identify(.) by extension 'ignore_ament_install'
[2.693s] Level 1:colcon.colcon_core.package_identification:_identify(.) by extensions ['colcon_pkg']
[2.693s] Level 1:colcon.colcon_core.package_identification:_identify(.) by extension 'colcon_pkg'
[2.693s] Level 1:colcon.colcon_core.package_identification:_identify(.) by extensions ['colcon_meta']
[2.693s] Level 1:colcon.colcon_core.package_identification:_identify(.) by extension 'colcon_meta'
[2.693s] Level 1:colcon.colcon_core.package_identification:_identify(.) by extensions ['ros']
[2.693s] Level 1:colcon.colcon_core.package_identification:_identify(.) by extension 'ros'
[2.866s] DEBUG:colcon.colcon_core.package_identification:Package '.' with type 'ros.ament_cmake' and name 'mqtt_hardware_interface'
[2.866s] Level 1:colcon.colcon_core.package_discovery:discover_packages(recursive) using defaults
[2.867s] Level 1:colcon.colcon_core.package_discovery:discover_packages(ignore) discover
[2.867s] Level 1:colcon.colcon_core.package_discovery:discover_packages(ignore) using defaults
[2.867s] Level 1:colcon.colcon_core.package_discovery:discover_packages(path) discover
[2.867s] Level 1:colcon.colcon_core.package_discovery:discover_packages(path) using defaults
[2.974s] Level 5:colcon.colcon_core.verb:set package 'mqtt_hardware_interface' build argument 'cmake_args' from command line to 'None'
[2.974s] Level 5:colcon.colcon_core.verb:set package 'mqtt_hardware_interface' build argument 'cmake_target' from command line to 'None'
[2.974s] Level 5:colcon.colcon_core.verb:set package 'mqtt_hardware_interface' build argument 'cmake_target_skip_unavailable' from command line to 'False'
[2.974s] Level 5:colcon.colcon_core.verb:set package 'mqtt_hardware_interface' build argument 'cmake_clean_cache' from command line to 'False'
[2.974s] Level 5:colcon.colcon_core.verb:set package 'mqtt_hardware_interface' build argument 'cmake_clean_first' from command line to 'False'
[2.974s] Level 5:colcon.colcon_core.verb:set package 'mqtt_hardware_interface' build argument 'cmake_force_configure' from command line to 'False'
[2.974s] Level 5:colcon.colcon_core.verb:set package 'mqtt_hardware_interface' build argument 'ament_cmake_args' from command line to 'None'
[2.974s] Level 5:colcon.colcon_core.verb:set package 'mqtt_hardware_interface' build argument 'catkin_cmake_args' from command line to 'None'
[2.974s] Level 5:colcon.colcon_core.verb:set package 'mqtt_hardware_interface' build argument 'catkin_skip_building_tests' from command line to 'False'
[2.974s] DEBUG:colcon.colcon_core.verb:Building package 'mqtt_hardware_interface' with the following arguments: {'ament_cmake_args': None, 'build_base': '/home/dev/Documents/ORION_VI/mqtt_hardware_interface/build/mqtt_hardware_interface', 'catkin_cmake_args': None, 'catkin_skip_building_tests': False, 'cmake_args': None, 'cmake_clean_cache': False, 'cmake_clean_first': False, 'cmake_force_configure': False, 'cmake_target': None, 'cmake_target_skip_unavailable': False, 'install_base': '/home/dev/Documents/ORION_VI/mqtt_hardware_interface/install/mqtt_hardware_interface', 'merge_install': False, 'path': '/home/dev/Documents/ORION_VI/mqtt_hardware_interface', 'symlink_install': False, 'test_result_base': None}
[2.974s] INFO:colcon.colcon_core.executor:Executing jobs using 'parallel' executor
[2.975s] DEBUG:colcon.colcon_parallel_executor.executor.parallel:run_until_complete
[2.975s] INFO:colcon.colcon_ros.task.ament_cmake.build:Building ROS package in '/home/dev/Documents/ORION_VI/mqtt_hardware_interface' with build type 'ament_cmake'
[2.975s] INFO:colcon.colcon_cmake.task.cmake.build:Building CMake package in '/home/dev/Documents/ORION_VI/mqtt_hardware_interface'
[2.978s] INFO:colcon.colcon_core.plugin_system:Skipping extension 'colcon_core.shell.bat': Not used on non-Windows systems
[2.979s] DEBUG:colcon.colcon_core.shell:Skip shell extension 'dsv' for command environment
[3.008s] DEBUG:colcon.colcon_core.event_handler.log_command:Invoking command in '/home/dev/Documents/ORION_VI/mqtt_hardware_interface/build/mqtt_hardware_interface': CMAKE_PREFIX_PATH=${CMAKE_PREFIX_PATH}:/opt/ros/jazzy DEBUGINFOD_URLS=https://debuginfod.ubuntu.com /usr/bin/cmake /home/dev/Documents/ORION_VI/mqtt_hardware_interface -DCMAKE_INSTALL_PREFIX=/home/dev/Documents/ORION_VI/mqtt_hardware_interface/install/mqtt_hardware_interface
[7.878s] DEBUG:colcon.colcon_core.event_handler.log_command:Invoked command in '/home/dev/Documents/ORION_VI/mqtt_hardware_interface/build/mqtt_hardware_interface' returned '1': CMAKE_PREFIX_PATH=${CMAKE_PREFIX_PATH}:/opt/ros/jazzy DEBUGINFOD_URLS=https://debuginfod.ubuntu.com /usr/bin/cmake /home/dev/Documents/ORION_VI/mqtt_hardware_interface -DCMAKE_INSTALL_PREFIX=/home/dev/Documents/ORION_VI/mqtt_hardware_interface/install/mqtt_hardware_interface
[7.889s] Level 1:colcon.colcon_core.environment:create_environment_scripts_only(mqtt_hardware_interface)
[7.967s] Level 1:colcon.colcon_core.environment:checking '/home/dev/Documents/ORION_VI/mqtt_hardware_interface/install/mqtt_hardware_interface' for CMake module files
[7.968s] Level 1:colcon.colcon_core.environment:checking '/home/dev/Documents/ORION_VI/mqtt_hardware_interface/install/mqtt_hardware_interface' for CMake config files
[7.968s] Level 1:colcon.colcon_core.environment:checking '/home/dev/Documents/ORION_VI/mqtt_hardware_interface/install/mqtt_hardware_interface/bin'
[7.968s] Level 1:colcon.colcon_core.environment:checking '/home/dev/Documents/ORION_VI/mqtt_hardware_interface/install/mqtt_hardware_interface/lib/pkgconfig/mqtt_hardware_interface.pc'
[7.970s] Level 1:colcon.colcon_core.environment:checking '/home/dev/Documents/ORION_VI/mqtt_hardware_interface/install/mqtt_hardware_interface/lib/python3.12/site-packages'
[7.970s] Level 1:colcon.colcon_core.environment:checking '/home/dev/Documents/ORION_VI/mqtt_hardware_interface/install/mqtt_hardware_interface/bin'
[7.970s] INFO:colcon.colcon_core.shell:Creating package descriptor '/home/dev/Documents/ORION_VI/mqtt_hardware_interface/install/mqtt_hardware_interface/share/mqtt_hardware_interface/package.dsv'
[8.030s] INFO:colcon.colcon_core.shell:Creating package script '/home/dev/Documents/ORION_VI/mqtt_hardware_interface/install/mqtt_hardware_interface/share/mqtt_hardware_interface/package.sh'
[8.060s] INFO:colcon.colcon_core.shell:Creating package script '/home/dev/Documents/ORION_VI/mqtt_hardware_interface/install/mqtt_hardware_interface/share/mqtt_hardware_interface/package.bash'
[8.111s] INFO:colcon.colcon_core.shell:Creating package script '/home/dev/Documents/ORION_VI/mqtt_hardware_interface/install/mqtt_hardware_interface/share/mqtt_hardware_interface/package.zsh'
[8.184s] Level 1:colcon.colcon_core.environment:create_file_with_runtime_dependencies(/home/dev/Documents/ORION_VI/mqtt_hardware_interface/install/mqtt_hardware_interface/share/colcon-core/packages/mqtt_hardware_interface)
[8.195s] DEBUG:colcon.colcon_parallel_executor.executor.parallel:closing loop
[8.195s] DEBUG:colcon.colcon_parallel_executor.executor.parallel:loop closed
[8.195s] DEBUG:colcon.colcon_parallel_executor.executor.parallel:run_until_complete finished with '1'
[8.195s] DEBUG:colcon.colcon_core.event_reactor:joining thread
[8.266s] INFO:colcon.colcon_core.plugin_system:Skipping extension 'colcon_notification.desktop_notification.terminal_notifier': Not used on non-Darwin systems
[8.267s] INFO:colcon.colcon_core.plugin_system:Skipping extension 'colcon_notification.desktop_notification.win32': Not used on non-Windows systems
[8.267s] INFO:colcon.colcon_notification.desktop_notification:Sending desktop notification using 'notify2'
[8.280s] DEBUG:colcon.colcon_core.event_reactor:joined thread
[8.281s] INFO:colcon.colcon_core.shell:Creating prefix script '/home/dev/Documents/ORION_VI/mqtt_hardware_interface/install/local_setup.sh'
[8.296s] INFO:colcon.colcon_core.shell:Creating prefix util module '/home/dev/Documents/ORION_VI/mqtt_hardware_interface/install/_local_setup_util_sh.py'
[8.305s] INFO:colcon.colcon_core.shell:Creating prefix chain script '/home/dev/Documents/ORION_VI/mqtt_hardware_interface/install/setup.sh'
[8.330s] INFO:colcon.colcon_core.shell:Creating prefix script '/home/dev/Documents/ORION_VI/mqtt_hardware_interface/install/local_setup.bash'
[8.364s] INFO:colcon.colcon_core.shell:Creating prefix chain script '/home/dev/Documents/ORION_VI/mqtt_hardware_interface/install/setup.bash'
[8.381s] INFO:colcon.colcon_core.shell:Creating prefix script '/home/dev/Documents/ORION_VI/mqtt_hardware_interface/install/local_setup.zsh'
[8.389s] INFO:colcon.colcon_core.shell:Creating prefix chain script '/home/dev/Documents/ORION_VI/mqtt_hardware_interface/install/setup.zsh'
