[0.010s] Invoking command in '/home/dev/Documents/ORION_VI/mqtt_hardware_interface/build/mqtt_hardware_interface': CMAKE_PREFIX_PATH=${CMAKE_PREFIX_PATH}:/opt/ros/jazzy DEBUGINFOD_URLS=https://debuginfod.ubuntu.com /usr/bin/cmake /home/dev/Documents/ORION_VI/mqtt_hardware_interface -DCMAKE_INSTALL_PREFIX=/home/dev/Documents/ORION_VI/mqtt_hardware_interface/install/mqtt_hardware_interface
[0.022s] -- Found ament_cmake: 2.5.5 (/opt/ros/jazzy/share/ament_cmake/cmake)
[0.204s] -- Found hardware_interface: 4.42.2 (/opt/ros/jazzy/share/hardware_interface/cmake)
[0.233s] -- Found rosidl_generator_c: 4.6.7 (/opt/ros/jazzy/share/rosidl_generator_c/cmake)
[0.241s] -- Found rosidl_generator_cpp: 4.6.7 (/opt/ros/jazzy/share/rosidl_generator_cpp/cmake)
[0.252s] -- Using all available rosidl_typesupport_c: rosidl_typesupport_fastrtps_c;rosidl_typesupport_introspection_c
[0.265s] -- Using all available rosidl_typesupport_cpp: rosidl_typesupport_fastrtps_cpp;rosidl_typesupport_introspection_cpp
[0.449s] -- Found TinyXML2 via Config file: /usr/lib/x86_64-linux-gnu/cmake/tinyxml2
[0.482s] -- Found rmw_implementation_cmake: 7.3.3 (/opt/ros/jazzy/share/rmw_implementation_cmake/cmake)
[0.484s] -- Found rmw_fastrtps_cpp: 8.4.3 (/opt/ros/jazzy/share/rmw_fastrtps_cpp/cmake)
[0.501s] -- Found TinyXML2 via Config file: /usr/lib/x86_64-linux-gnu/cmake/tinyxml2
[0.509s] -- Found TinyXML2 via Config file: /usr/lib/x86_64-linux-gnu/cmake/tinyxml2
[0.525s] -- Found TinyXML2 via Config file: /usr/lib/x86_64-linux-gnu/cmake/tinyxml2
[0.533s] -- Found TinyXML2 via Config file: /usr/lib/x86_64-linux-gnu/cmake/tinyxml2
[0.543s] -- Using RMW implementation 'rmw_fastrtps_cpp' as default
[0.747s] -- Configuring done (0.7s)
[1.112s] -- Generating done (0.4s)
[1.116s] -- Build files have been written to: /home/dev/Documents/ORION_VI/mqtt_hardware_interface/build/mqtt_hardware_interface
[1.124s] Invoked command in '/home/dev/Documents/ORION_VI/mqtt_hardware_interface/build/mqtt_hardware_interface' returned '0': CMAKE_PREFIX_PATH=${CMAKE_PREFIX_PATH}:/opt/ros/jazzy DEBUGINFOD_URLS=https://debuginfod.ubuntu.com /usr/bin/cmake /home/dev/Documents/ORION_VI/mqtt_hardware_interface -DCMAKE_INSTALL_PREFIX=/home/dev/Documents/ORION_VI/mqtt_hardware_interface/install/mqtt_hardware_interface
[1.126s] Invoking command in '/home/dev/Documents/ORION_VI/mqtt_hardware_interface/build/mqtt_hardware_interface': CMAKE_PREFIX_PATH=${CMAKE_PREFIX_PATH}:/opt/ros/jazzy DEBUGINFOD_URLS=https://debuginfod.ubuntu.com /usr/bin/cmake --build /home/dev/Documents/ORION_VI/mqtt_hardware_interface/build/mqtt_hardware_interface -- -j6 -l6
[1.174s] [ 50%] [32mBuilding CXX object CMakeFiles/mqtt_hardware_interface.dir/src/mqtt_hardware_interface.cpp.o[0m
[4.357s] In file included from [01m[K/home/dev/Documents/ORION_VI/mqtt_hardware_interface/src/mqtt_hardware_interface.cpp:1[m[K:
[4.357s] [01m[K/home/dev/Documents/ORION_VI/mqtt_hardware_interface/include/mqtt_hardware_interface/mqtt_hardware_interface.hpp:20:17:[m[K [01;31m[Kerror: [m[K‘[01m[KStateInterface[m[K’ was not declared in this scope; did you mean ‘[01m[Khardware_interface::StateInterface[m[K’?
[4.357s]    20 |     std::vector<[01;31m[KStateInterface[m[K> export_state_interfaces() override;
[4.357s]       |                 [01;31m[K^~~~~~~~~~~~~~[m[K
[4.357s]       |                 [32m[Khardware_interface::StateInterface[m[K
[4.357s] In file included from [01m[K/opt/ros/jazzy/include/hardware_interface/hardware_interface/hardware_component_interface.hpp:28[m[K,
[4.357s]                  from [01m[K/opt/ros/jazzy/include/hardware_interface/hardware_interface/system_interface.hpp:18[m[K,
[4.358s]                  from [01m[K/home/dev/Documents/ORION_VI/mqtt_hardware_interface/include/mqtt_hardware_interface/mqtt_hardware_interface.hpp:4[m[K:
[4.358s] [01m[K/opt/ros/jazzy/include/hardware_interface/hardware_interface/handle.hpp:677:7:[m[K [01;36m[Knote: [m[K‘[01m[Khardware_interface::StateInterface[m[K’ declared here
[4.358s]   677 | class [01;36m[KStateInterface[m[K : public Handle
[4.358s]       |       [01;36m[K^~~~~~~~~~~~~~[m[K
[4.358s] [01m[K/home/dev/Documents/ORION_VI/mqtt_hardware_interface/include/mqtt_hardware_interface/mqtt_hardware_interface.hpp:20:31:[m[K [01;31m[Kerror: [m[Ktemplate argument 1 is invalid
[4.358s]    20 |     std::vector<StateInterface[01;31m[K>[m[K export_state_interfaces() override;
[4.358s]       |                               [01;31m[K^[m[K
[4.358s] [01m[K/home/dev/Documents/ORION_VI/mqtt_hardware_interface/include/mqtt_hardware_interface/mqtt_hardware_interface.hpp:20:31:[m[K [01;31m[Kerror: [m[Ktemplate argument 2 is invalid
[4.358s] [01m[K/home/dev/Documents/ORION_VI/mqtt_hardware_interface/include/mqtt_hardware_interface/mqtt_hardware_interface.hpp:22:17:[m[K [01;31m[Kerror: [m[K‘[01m[KCommandInterface[m[K’ was not declared in this scope; did you mean ‘[01m[Khardware_interface::CommandInterface[m[K’?
[4.358s]    22 |     std::vector<[01;31m[KCommandInterface[m[K> export_command_interfaces() override;
[4.358s]       |                 [01;31m[K^~~~~~~~~~~~~~~~[m[K
[4.359s]       |                 [32m[Khardware_interface::CommandInterface[m[K
[4.359s] [01m[K/opt/ros/jazzy/include/hardware_interface/hardware_interface/handle.hpp:735:7:[m[K [01;36m[Knote: [m[K‘[01m[Khardware_interface::CommandInterface[m[K’ declared here
[4.359s]   735 | class [01;36m[KCommandInterface[m[K : public Handle
[4.359s]       |       [01;36m[K^~~~~~~~~~~~~~~~[m[K
[4.359s] [01m[K/home/dev/Documents/ORION_VI/mqtt_hardware_interface/include/mqtt_hardware_interface/mqtt_hardware_interface.hpp:22:33:[m[K [01;31m[Kerror: [m[Ktemplate argument 1 is invalid
[4.359s]    22 |     std::vector<CommandInterface[01;31m[K>[m[K export_command_interfaces() override;
[4.359s]       |                                 [01;31m[K^[m[K
[4.359s] [01m[K/home/dev/Documents/ORION_VI/mqtt_hardware_interface/include/mqtt_hardware_interface/mqtt_hardware_interface.hpp:22:33:[m[K [01;31m[Kerror: [m[Ktemplate argument 2 is invalid
[4.363s] [01m[K/home/dev/Documents/ORION_VI/mqtt_hardware_interface/include/mqtt_hardware_interface/mqtt_hardware_interface.hpp:20:33:[m[K [01;31m[Kerror: [m[Kconflicting return type specified for ‘[01m[Kvirtual int mqtt_hardware_interface::MqttHardwareInterface::[01;32m[Kexport_state_interfaces[m[K()[m[K’
[4.363s]    20 |     std::vector<StateInterface> [01;31m[Kexport_state_interfaces[m[K() override;
[4.364s]       |                                 [01;31m[K^~~~~~~~~~~~~~~~~~~~~~~[m[K
[4.364s] [01m[K/opt/ros/jazzy/include/hardware_interface/hardware_interface/hardware_component_interface.hpp:177:3:[m[K [01;36m[Knote: [m[Koverridden function is ‘[01m[Kvirtual std::vector<hardware_interface::StateInterface> hardware_interface::HardwareComponentInterface::[01;32m[Kexport_state_interfaces[m[K()[m[K’
[4.364s]   177 |   [01;36m[Kexport_state_interfaces[m[K();
[4.364s]       |   [01;36m[K^~~~~~~~~~~~~~~~~~~~~~~[m[K
[4.364s] [01m[K/home/dev/Documents/ORION_VI/mqtt_hardware_interface/include/mqtt_hardware_interface/mqtt_hardware_interface.hpp:22:35:[m[K [01;31m[Kerror: [m[Kconflicting return type specified for ‘[01m[Kvirtual int mqtt_hardware_interface::MqttHardwareInterface::[01;32m[Kexport_command_interfaces[m[K()[m[K’
[4.364s]    22 |     std::vector<CommandInterface> [01;31m[Kexport_command_interfaces[m[K() override;
[4.364s]       |                                   [01;31m[K^~~~~~~~~~~~~~~~~~~~~~~~~[m[K
[4.364s] [01m[K/opt/ros/jazzy/include/hardware_interface/hardware_interface/hardware_component_interface.hpp:212:3:[m[K [01;36m[Knote: [m[Koverridden function is ‘[01m[Kvirtual std::vector<hardware_interface::CommandInterface> hardware_interface::HardwareComponentInterface::[01;32m[Kexport_command_interfaces[m[K()[m[K’
[4.364s]   212 |   [01;36m[Kexport_command_interfaces[m[K();
[4.364s]       |   [01;36m[K^~~~~~~~~~~~~~~~~~~~~~~~~[m[K
[4.364s] [01m[K/home/dev/Documents/ORION_VI/mqtt_hardware_interface/include/mqtt_hardware_interface/mqtt_hardware_interface.hpp:53:2:[m[K [01;31m[Kerror: [m[Kexpected ‘[01m[K;[m[K’ after class definition
[4.364s]    53 | }
[4.364s]       |  [01;31m[K^[m[K
[4.364s]       |  [32m[K;[m[K
[4.370s] [01m[K/home/dev/Documents/ORION_VI/mqtt_hardware_interface/src/mqtt_hardware_interface.cpp:[m[K In member function ‘[01m[Kvirtual hardware_interface::CallbackReturn mqtt_hardware_interface::MqttHardwareInterface::[01;32m[Kon_init[m[K(const hardware_interface::HardwareComponentInterfaceParams&)[m[K’:
[4.370s] [01m[K/home/dev/Documents/ORION_VI/mqtt_hardware_interface/src/mqtt_hardware_interface.cpp:18:40:[m[K [01;31m[Kerror: [m[K‘[01m[Kparams_[m[K’ was not declared in this scope; did you mean ‘[01m[Kparams[m[K’?
[4.370s]    18 |   std::string mqtt_broker_server_uri = [01;31m[Kparams_[m[K.hardware_parameters["mqtt_broker_server_uri"];
[4.370s]       |                                        [01;31m[K^~~~~~~[m[K
[4.370s]       |                                        [32m[Kparams[m[K
[4.371s] [01m[K/home/dev/Documents/ORION_VI/mqtt_hardware_interface/src/mqtt_hardware_interface.cpp:28:28:[m[K [01;31m[Kerror: [m[K‘[01m[KComponentparams[m[K’ is not a member of ‘[01m[Khardware_interface[m[K’
[4.371s]    28 |   for (hardware_interface::[01;31m[KComponentparams[m[K & joint : params_.joints)
[4.371s]       |                            [01;31m[K^~~~~~~~~~~~~~~[m[K
[4.371s] [01m[K/home/dev/Documents/ORION_VI/mqtt_hardware_interface/src/mqtt_hardware_interface.cpp:28:52:[m[K [01;31m[Kerror: [m[Kfound ‘[01m[K:[m[K’ in nested-name-specifier, expected ‘[01m[K::[m[K’
[4.371s]    28 |   for (hardware_interface::Componentparams & joint [01;31m[K:[m[K params_.joints)
[4.371s]       |                                                    [01;31m[K^[m[K
[4.372s]       |                                                    [32m[K::[m[K
[4.372s] [01m[K/home/dev/Documents/ORION_VI/mqtt_hardware_interface/src/mqtt_hardware_interface.cpp:28:46:[m[K [01;31m[Kerror: [m[K‘[01m[Kjoint[m[K’ has not been declared
[4.372s]    28 |   for (hardware_interface::Componentparams & [01;31m[Kjoint[m[K : params_.joints)
[4.372s]       |                                              [01;31m[K^~~~~[m[K
[4.372s] In file included from [01m[K/opt/ros/jazzy/include/rclcpp/rclcpp/copy_all_parameter_values.hpp:27[m[K,
[4.372s]                  from [01m[K/opt/ros/jazzy/include/rclcpp/rclcpp/rclcpp.hpp:171[m[K,
[4.372s]                  from [01m[K/opt/ros/jazzy/include/pal_statistics/pal_statistics/pal_statistics_utils.hpp:45[m[K,
[4.372s]                  from [01m[K/opt/ros/jazzy/include/pal_statistics/pal_statistics/pal_statistics.hpp:38[m[K,
[4.372s]                  from [01m[K/opt/ros/jazzy/include/pal_statistics/pal_statistics/pal_statistics_macros.hpp:36[m[K,
[4.372s]                  from [01m[K/opt/ros/jazzy/include/hardware_interface/hardware_interface/introspection.hpp:23[m[K,
[4.372s]                  from [01m[K/opt/ros/jazzy/include/hardware_interface/hardware_interface/handle.hpp:32[m[K:
[4.373s] [01m[K/home/dev/Documents/ORION_VI/mqtt_hardware_interface/src/mqtt_hardware_interface.cpp:72:3:[m[K [01;31m[Kerror: [m[Kexpected primary-expression before ‘[01m[Kdo[m[K’
[4.373s]    72 |   [01;31m[KRCLCPP_DEBUG_STREAM[m[K(rclcpp::get_logger("MqttHardwareInterface"), "Finished `on_init`!");
[4.373s]       |   [01;31m[K^~~~~~~~~~~~~~~~~~~[m[K
[4.373s] [01m[K/home/dev/Documents/ORION_VI/mqtt_hardware_interface/src/mqtt_hardware_interface.cpp:71:4:[m[K [01;31m[Kerror: [m[Kexpected ‘[01m[K;[m[K’ before ‘[01m[Kdo[m[K’
[4.373s]    71 |   }
[4.373s]       |    [01;31m[K^[m[K
[4.373s]       |    [32m[K;[m[K
[4.373s] [01m[K/home/dev/Documents/ORION_VI/mqtt_hardware_interface/src/mqtt_hardware_interface.cpp:72:3:[m[K [01;31m[Kerror: [m[Kexpected primary-expression before ‘[01m[Kdo[m[K’
[4.373s]    72 |   [01;31m[KRCLCPP_DEBUG_STREAM[m[K(rclcpp::get_logger("MqttHardwareInterface"), "Finished `on_init`!");
[4.373s]       |   [01;31m[K^~~~~~~~~~~~~~~~~~~[m[K
[4.373s] [01m[K/home/dev/Documents/ORION_VI/mqtt_hardware_interface/src/mqtt_hardware_interface.cpp:71:4:[m[K [01;31m[Kerror: [m[Kexpected ‘[01m[K)[m[K’ before ‘[01m[Kdo[m[K’
[4.373s]    71 |   }
[4.373s]       |    [01;31m[K^[m[K
[4.373s]       |    [32m[K)[m[K
[4.373s] [01m[K/home/dev/Documents/ORION_VI/mqtt_hardware_interface/src/mqtt_hardware_interface.cpp:28:7:[m[K [01;36m[Knote: [m[Kto match this ‘[01m[K([m[K’
[4.373s]    28 |   for [01;36m[K([m[Khardware_interface::Componentparams & joint : params_.joints)
[4.374s]       |       [01;36m[K^[m[K
[4.374s] [01m[K/home/dev/Documents/ORION_VI/mqtt_hardware_interface/src/mqtt_hardware_interface.cpp:[m[K In member function ‘[01m[Kvirtual hardware_interface::CallbackReturn mqtt_hardware_interface::MqttHardwareInterface::[01;32m[Kon_configure[m[K(const rclcpp_lifecycle::State&)[m[K’:
[4.374s] [01m[K/home/dev/Documents/ORION_VI/mqtt_hardware_interface/src/mqtt_hardware_interface.cpp:78:39:[m[K [01;35m[Kwarning: [m[Kunused parameter ‘[01m[Kprevious_state[m[K’ [[01;35m[K]8;;https://gcc.gnu.org/onlinedocs/gcc/Warning-Options.html#index-Wunused-parameter-Wunused-parameter]8;;[m[K]
[4.374s]    78 |       [01;35m[Kconst rclcpp_lifecycle::State & previous_state[m[K)
[4.374s]       |       [01;35m[K~~~~~~~~~~~~~~~~~~~~~~~~~~~~~~~~^~~~~~~~~~~~~~[m[K
[4.374s] [01m[K/home/dev/Documents/ORION_VI/mqtt_hardware_interface/src/mqtt_hardware_interface.cpp:[m[K In member function ‘[01m[Kvirtual hardware_interface::CallbackReturn mqtt_hardware_interface::MqttHardwareInterface::[01;32m[Kon_cleanup[m[K(const rclcpp_lifecycle::State&)[m[K’:
[4.374s] [01m[K/home/dev/Documents/ORION_VI/mqtt_hardware_interface/src/mqtt_hardware_interface.cpp:84:39:[m[K [01;35m[Kwarning: [m[Kunused parameter ‘[01m[Kprevious_state[m[K’ [[01;35m[K]8;;https://gcc.gnu.org/onlinedocs/gcc/Warning-Options.html#index-Wunused-parameter-Wunused-parameter]8;;[m[K]
[4.374s]    84 |       [01;35m[Kconst rclcpp_lifecycle::State & previous_state[m[K)
[4.374s]       |       [01;35m[K~~~~~~~~~~~~~~~~~~~~~~~~~~~~~~~~^~~~~~~~~~~~~~[m[K
[4.374s] [01m[K/home/dev/Documents/ORION_VI/mqtt_hardware_interface/src/mqtt_hardware_interface.cpp:[m[K At global scope:
[4.374s] [01m[K/home/dev/Documents/ORION_VI/mqtt_hardware_interface/src/mqtt_hardware_interface.cpp:89:13:[m[K [01;31m[Kerror: [m[K‘[01m[KStateInterface[m[K’ was not declared in this scope; did you mean ‘[01m[Khardware_interface::StateInterface[m[K’?
[4.374s]    89 | std::vector<[01;31m[KStateInterface[m[K> MqttHardwareInterface::export_state_interfaces()
[4.374s]       |             [01;31m[K^~~~~~~~~~~~~~[m[K
[4.374s]       |             [32m[Khardware_interface::StateInterface[m[K
[4.374s] [01m[K/opt/ros/jazzy/include/hardware_interface/hardware_interface/handle.hpp:677:7:[m[K [01;36m[Knote: [m[K‘[01m[Khardware_interface::StateInterface[m[K’ declared here
[4.375s]   677 | class [01;36m[KStateInterface[m[K : public Handle
[4.375s]       |       [01;36m[K^~~~~~~~~~~~~~[m[K
[4.375s] [01m[K/home/dev/Documents/ORION_VI/mqtt_hardware_interface/src/mqtt_hardware_interface.cpp:89:27:[m[K [01;31m[Kerror: [m[Ktemplate argument 1 is invalid
[4.375s]    89 | std::vector<StateInterface[01;31m[K>[m[K MqttHardwareInterface::export_state_interfaces()
[4.375s]       |                           [01;31m[K^[m[K
[4.375s] [01m[K/home/dev/Documents/ORION_VI/mqtt_hardware_interface/src/mqtt_hardware_interface.cpp:89:27:[m[K [01;31m[Kerror: [m[Ktemplate argument 2 is invalid
[4.380s] [01m[K/home/dev/Documents/ORION_VI/mqtt_hardware_interface/src/mqtt_hardware_interface.cpp:[m[K In member function ‘[01m[Kvirtual int mqtt_hardware_interface::MqttHardwareInterface::[01;32m[Kexport_state_interfaces[m[K()[m[K’:
[4.380s] [01m[K/home/dev/Documents/ORION_VI/mqtt_hardware_interface/src/mqtt_hardware_interface.cpp:93:29:[m[K [01;31m[Kerror: [m[K‘[01m[Kparams_[m[K’ was not declared in this scope
[4.380s]    93 |   for (const auto & joint : [01;31m[Kparams_[m[K.joints)
[4.380s]       |                             [01;31m[K^~~~~~~[m[K
[4.385s] [01m[K/home/dev/Documents/ORION_VI/mqtt_hardware_interface/src/mqtt_hardware_interface.cpp:104:30:[m[K [01;31m[Kerror: [m[K‘[01m[Kparams_[m[K’ was not declared in this scope
[4.385s]   104 |   for (const auto & sensor : [01;31m[Kparams_[m[K.sensors)
[4.385s]       |                              [01;31m[K^~~~~~~[m[K
[4.385s] [01m[K/home/dev/Documents/ORION_VI/mqtt_hardware_interface/src/mqtt_hardware_interface.cpp:114:10:[m[K [01;31m[Kerror: [m[Kcannot convert ‘[01m[Kstd::vector<hardware_interface::StateInterface>[m[K’ to ‘[01m[Kint[m[K’ in return
[4.385s]   114 |   return [01;31m[Kstate_interfaces[m[K;
[4.386s]       |          [01;31m[K^~~~~~~~~~~~~~~~[m[K
[4.386s]       |          [01;31m[K|[m[K
[4.386s]       |          [01;31m[Kstd::vector<hardware_interface::StateInterface>[m[K
[4.386s] [01m[K/home/dev/Documents/ORION_VI/mqtt_hardware_interface/src/mqtt_hardware_interface.cpp:[m[K At global scope:
[4.386s] [01m[K/home/dev/Documents/ORION_VI/mqtt_hardware_interface/src/mqtt_hardware_interface.cpp:117:13:[m[K [01;31m[Kerror: [m[K‘[01m[KCommandInterface[m[K’ was not declared in this scope; did you mean ‘[01m[Khardware_interface::CommandInterface[m[K’?
[4.386s]   117 | std::vector<[01;31m[KCommandInterface[m[K> MqttHardwareInterface::export_command_interfaces()
[4.386s]       |             [01;31m[K^~~~~~~~~~~~~~~~[m[K
[4.386s]       |             [32m[Khardware_interface::CommandInterface[m[K
[4.386s] [01m[K/opt/ros/jazzy/include/hardware_interface/hardware_interface/handle.hpp:735:7:[m[K [01;36m[Knote: [m[K‘[01m[Khardware_interface::CommandInterface[m[K’ declared here
[4.386s]   735 | class [01;36m[KCommandInterface[m[K : public Handle
[4.386s]       |       [01;36m[K^~~~~~~~~~~~~~~~[m[K
[4.386s] [01m[K/home/dev/Documents/ORION_VI/mqtt_hardware_interface/src/mqtt_hardware_interface.cpp:117:29:[m[K [01;31m[Kerror: [m[Ktemplate argument 1 is invalid
[4.386s]   117 | std::vector<CommandInterface[01;31m[K>[m[K MqttHardwareInterface::export_command_interfaces()
[4.386s]       |                             [01;31m[K^[m[K
[4.387s] [01m[K/home/dev/Documents/ORION_VI/mqtt_hardware_interface/src/mqtt_hardware_interface.cpp:117:29:[m[K [01;31m[Kerror: [m[Ktemplate argument 2 is invalid
[4.424s] [01m[K/home/dev/Documents/ORION_VI/mqtt_hardware_interface/src/mqtt_hardware_interface.cpp:[m[K In member function ‘[01m[Kvirtual int mqtt_hardware_interface::MqttHardwareInterface::[01;32m[Kexport_command_interfaces[m[K()[m[K’:
[4.424s] [01m[K/home/dev/Documents/ORION_VI/mqtt_hardware_interface/src/mqtt_hardware_interface.cpp:120:29:[m[K [01;31m[Kerror: [m[K‘[01m[Kparams_[m[K’ was not declared in this scope
[4.425s]   120 |   for (const auto & joint : [01;31m[Kparams_[m[K.joints)
[4.425s]       |                             [01;31m[K^~~~~~~[m[K
[4.425s] [01m[K/home/dev/Documents/ORION_VI/mqtt_hardware_interface/src/mqtt_hardware_interface.cpp:131:10:[m[K [01;31m[Kerror: [m[Kcannot convert ‘[01m[Kstd::vector<hardware_interface::CommandInterface>[m[K’ to ‘[01m[Kint[m[K’ in return
[4.425s]   131 |   return [01;31m[Kcommand_interfaces[m[K;
[4.425s]       |          [01;31m[K^~~~~~~~~~~~~~~~~~[m[K
[4.425s]       |          [01;31m[K|[m[K
[4.425s]       |          [01;31m[Kstd::vector<hardware_interface::CommandInterface>[m[K
[5.552s] gmake[2]: *** [CMakeFiles/mqtt_hardware_interface.dir/build.make:76: CMakeFiles/mqtt_hardware_interface.dir/src/mqtt_hardware_interface.cpp.o] Error 1
[5.552s] gmake[1]: *** [CMakeFiles/Makefile2:137: CMakeFiles/mqtt_hardware_interface.dir/all] Error 2
[5.552s] gmake: *** [Makefile:146: all] Error 2
[5.554s] Invoked command in '/home/dev/Documents/ORION_VI/mqtt_hardware_interface/build/mqtt_hardware_interface' returned '2': CMAKE_PREFIX_PATH=${CMAKE_PREFIX_PATH}:/opt/ros/jazzy DEBUGINFOD_URLS=https://debuginfod.ubuntu.com /usr/bin/cmake --build /home/dev/Documents/ORION_VI/mqtt_hardware_interface/build/mqtt_hardware_interface -- -j6 -l6
