[0.077s] Invoking command in '/home/dev/Documents/ORION_VI/mqtt_hardware_interface/build/mqtt_hardware_interface': CMAKE_PREFIX_PATH=${CMAKE_PREFIX_PATH}:/opt/ros/jazzy DEBUGINFOD_URLS=https://debuginfod.ubuntu.com /usr/bin/cmake --build /home/dev/Documents/ORION_VI/mqtt_hardware_interface/build/mqtt_hardware_interface -- -j6 -l6
[1.003s] [ 50%] [32mBuilding CXX object CMakeFiles/mqtt_hardware_interface.dir/src/mqtt_hardware_interface.cpp.o[0m
[11.850s] In file included from [01m[K/home/dev/Documents/ORION_VI/mqtt_hardware_interface/src/mqtt_hardware_interface.cpp:1[m[K:
[11.850s] [01m[K/home/dev/Documents/ORION_VI/mqtt_hardware_interface/include/mqtt_hardware_interface/mqtt_hardware_interface.hpp:20:17:[m[K [01;31m[Kerror: [m[K‘[01m[KStateInterface[m[K’ was not declared in this scope; did you mean ‘[01m[Khardware_interface::StateInterface[m[K’?
[11.850s]    20 |     std::vector<[01;31m[KStateInterface[m[K> export_state_interfaces() override;
[11.850s]       |                 [01;31m[K^~~~~~~~~~~~~~[m[K
[11.850s]       |                 [32m[Khardware_interface::StateInterface[m[K
[11.851s] In file included from [01m[K/opt/ros/jazzy/include/hardware_interface/hardware_interface/hardware_component_interface.hpp:28[m[K,
[11.851s]                  from [01m[K/opt/ros/jazzy/include/hardware_interface/hardware_interface/system_interface.hpp:18[m[K,
[11.851s]                  from [01m[K/home/dev/Documents/ORION_VI/mqtt_hardware_interface/include/mqtt_hardware_interface/mqtt_hardware_interface.hpp:4[m[K:
[11.851s] [01m[K/opt/ros/jazzy/include/hardware_interface/hardware_interface/handle.hpp:677:7:[m[K [01;36m[Knote: [m[K‘[01m[Khardware_interface::StateInterface[m[K’ declared here
[11.851s]   677 | class [01;36m[KStateInterface[m[K : public Handle
[11.851s]       |       [01;36m[K^~~~~~~~~~~~~~[m[K
[11.851s] [01m[K/home/dev/Documents/ORION_VI/mqtt_hardware_interface/include/mqtt_hardware_interface/mqtt_hardware_interface.hpp:20:31:[m[K [01;31m[Kerror: [m[Ktemplate argument 1 is invalid
[11.851s]    20 |     std::vector<StateInterface[01;31m[K>[m[K export_state_interfaces() override;
[11.851s]       |                               [01;31m[K^[m[K
[11.851s] [01m[K/home/dev/Documents/ORION_VI/mqtt_hardware_interface/include/mqtt_hardware_interface/mqtt_hardware_interface.hpp:20:31:[m[K [01;31m[Kerror: [m[Ktemplate argument 2 is invalid
[11.851s] [01m[K/home/dev/Documents/ORION_VI/mqtt_hardware_interface/include/mqtt_hardware_interface/mqtt_hardware_interface.hpp:22:17:[m[K [01;31m[Kerror: [m[K‘[01m[KCommandInterface[m[K’ was not declared in this scope; did you mean ‘[01m[Khardware_interface::CommandInterface[m[K’?
[11.852s]    22 |     std::vector<[01;31m[KCommandInterface[m[K> export_command_interfaces() override;
[11.852s]       |                 [01;31m[K^~~~~~~~~~~~~~~~[m[K
[11.852s]       |                 [32m[Khardware_interface::CommandInterface[m[K
[11.852s] [01m[K/opt/ros/jazzy/include/hardware_interface/hardware_interface/handle.hpp:735:7:[m[K [01;36m[Knote: [m[K‘[01m[Khardware_interface::CommandInterface[m[K’ declared here
[11.852s]   735 | class [01;36m[KCommandInterface[m[K : public Handle
[11.852s]       |       [01;36m[K^~~~~~~~~~~~~~~~[m[K
[11.852s] [01m[K/home/dev/Documents/ORION_VI/mqtt_hardware_interface/include/mqtt_hardware_interface/mqtt_hardware_interface.hpp:22:33:[m[K [01;31m[Kerror: [m[Ktemplate argument 1 is invalid
[11.852s]    22 |     std::vector<CommandInterface[01;31m[K>[m[K export_command_interfaces() override;
[11.852s]       |                                 [01;31m[K^[m[K
[11.852s] [01m[K/home/dev/Documents/ORION_VI/mqtt_hardware_interface/include/mqtt_hardware_interface/mqtt_hardware_interface.hpp:22:33:[m[K [01;31m[Kerror: [m[Ktemplate argument 2 is invalid
[11.857s] [01m[K/home/dev/Documents/ORION_VI/mqtt_hardware_interface/include/mqtt_hardware_interface/mqtt_hardware_interface.hpp:20:33:[m[K [01;31m[Kerror: [m[Kconflicting return type specified for ‘[01m[Kvirtual int mqtt_hardware_interface::MqttHardwareInterface::[01;32m[Kexport_state_interfaces[m[K()[m[K’
[11.858s]    20 |     std::vector<StateInterface> [01;31m[Kexport_state_interfaces[m[K() override;
[11.858s]       |                                 [01;31m[K^~~~~~~~~~~~~~~~~~~~~~~[m[K
[11.858s] [01m[K/opt/ros/jazzy/include/hardware_interface/hardware_interface/hardware_component_interface.hpp:177:3:[m[K [01;36m[Knote: [m[Koverridden function is ‘[01m[Kvirtual std::vector<hardware_interface::StateInterface> hardware_interface::HardwareComponentInterface::[01;32m[Kexport_state_interfaces[m[K()[m[K’
[11.858s]   177 |   [01;36m[Kexport_state_interfaces[m[K();
[11.858s]       |   [01;36m[K^~~~~~~~~~~~~~~~~~~~~~~[m[K
[11.858s] [01m[K/home/dev/Documents/ORION_VI/mqtt_hardware_interface/include/mqtt_hardware_interface/mqtt_hardware_interface.hpp:22:35:[m[K [01;31m[Kerror: [m[Kconflicting return type specified for ‘[01m[Kvirtual int mqtt_hardware_interface::MqttHardwareInterface::[01;32m[Kexport_command_interfaces[m[K()[m[K’
[11.858s]    22 |     std::vector<CommandInterface> [01;31m[Kexport_command_interfaces[m[K() override;
[11.858s]       |                                   [01;31m[K^~~~~~~~~~~~~~~~~~~~~~~~~[m[K
[11.858s] [01m[K/opt/ros/jazzy/include/hardware_interface/hardware_interface/hardware_component_interface.hpp:212:3:[m[K [01;36m[Knote: [m[Koverridden function is ‘[01m[Kvirtual std::vector<hardware_interface::CommandInterface> hardware_interface::HardwareComponentInterface::[01;32m[Kexport_command_interfaces[m[K()[m[K’
[11.858s]   212 |   [01;36m[Kexport_command_interfaces[m[K();
[11.858s]       |   [01;36m[K^~~~~~~~~~~~~~~~~~~~~~~~~[m[K
[11.859s] [01m[K/home/dev/Documents/ORION_VI/mqtt_hardware_interface/include/mqtt_hardware_interface/mqtt_hardware_interface.hpp:53:2:[m[K [01;31m[Kerror: [m[Kexpected ‘[01m[K;[m[K’ after class definition
[11.859s]    53 | }
[11.859s]       |  [01;31m[K^[m[K
[11.859s]       |  [32m[K;[m[K
[11.865s] [01m[K/home/dev/Documents/ORION_VI/mqtt_hardware_interface/src/mqtt_hardware_interface.cpp:[m[K In member function ‘[01m[Kvirtual hardware_interface::CallbackReturn mqtt_hardware_interface::MqttHardwareInterface::[01;32m[Kon_init[m[K(const hardware_interface::HardwareComponentInterfaceParams&)[m[K’:
[11.865s] [01m[K/home/dev/Documents/ORION_VI/mqtt_hardware_interface/src/mqtt_hardware_interface.cpp:18:40:[m[K [01;31m[Kerror: [m[K‘[01m[Kparams_[m[K’ was not declared in this scope; did you mean ‘[01m[Kparams[m[K’?
[11.865s]    18 |   std::string mqtt_broker_server_uri = [01;31m[Kparams_[m[K.hardware_parameters["mqtt_broker_server_uri"];
[11.865s]       |                                        [01;31m[K^~~~~~~[m[K
[11.865s]       |                                        [32m[Kparams[m[K
[11.867s] [01m[K/home/dev/Documents/ORION_VI/mqtt_hardware_interface/src/mqtt_hardware_interface.cpp:28:28:[m[K [01;31m[Kerror: [m[K‘[01m[KComponentparams[m[K’ is not a member of ‘[01m[Khardware_interface[m[K’
[11.867s]    28 |   for (hardware_interface::[01;31m[KComponentparams[m[K & joint : params_.joints)
[11.867s]       |                            [01;31m[K^~~~~~~~~~~~~~~[m[K
[11.867s] [01m[K/home/dev/Documents/ORION_VI/mqtt_hardware_interface/src/mqtt_hardware_interface.cpp:28:52:[m[K [01;31m[Kerror: [m[Kfound ‘[01m[K:[m[K’ in nested-name-specifier, expected ‘[01m[K::[m[K’
[11.867s]    28 |   for (hardware_interface::Componentparams & joint [01;31m[K:[m[K params_.joints)
[11.867s]       |                                                    [01;31m[K^[m[K
[11.867s]       |                                                    [32m[K::[m[K
[11.867s] [01m[K/home/dev/Documents/ORION_VI/mqtt_hardware_interface/src/mqtt_hardware_interface.cpp:28:46:[m[K [01;31m[Kerror: [m[K‘[01m[Kjoint[m[K’ has not been declared
[11.867s]    28 |   for (hardware_interface::Componentparams & [01;31m[Kjoint[m[K : params_.joints)
[11.867s]       |                                              [01;31m[K^~~~~[m[K
[11.867s] In file included from [01m[K/opt/ros/jazzy/include/rclcpp/rclcpp/copy_all_parameter_values.hpp:27[m[K,
[11.867s]                  from [01m[K/opt/ros/jazzy/include/rclcpp/rclcpp/rclcpp.hpp:171[m[K,
[11.868s]                  from [01m[K/opt/ros/jazzy/include/pal_statistics/pal_statistics/pal_statistics_utils.hpp:45[m[K,
[11.868s]                  from [01m[K/opt/ros/jazzy/include/pal_statistics/pal_statistics/pal_statistics.hpp:38[m[K,
[11.868s]                  from [01m[K/opt/ros/jazzy/include/pal_statistics/pal_statistics/pal_statistics_macros.hpp:36[m[K,
[11.868s]                  from [01m[K/opt/ros/jazzy/include/hardware_interface/hardware_interface/introspection.hpp:23[m[K,
[11.868s]                  from [01m[K/opt/ros/jazzy/include/hardware_interface/hardware_interface/handle.hpp:32[m[K:
[11.868s] [01m[K/home/dev/Documents/ORION_VI/mqtt_hardware_interface/src/mqtt_hardware_interface.cpp:72:3:[m[K [01;31m[Kerror: [m[Kexpected primary-expression before ‘[01m[Kdo[m[K’
[11.868s]    72 |   [01;31m[KRCLCPP_DEBUG_STREAM[m[K(rclcpp::get_logger("MqttHardwareInterface"), "Finished `on_init`!");
[11.868s]       |   [01;31m[K^~~~~~~~~~~~~~~~~~~[m[K
[11.868s] [01m[K/home/dev/Documents/ORION_VI/mqtt_hardware_interface/src/mqtt_hardware_interface.cpp:71:4:[m[K [01;31m[Kerror: [m[Kexpected ‘[01m[K;[m[K’ before ‘[01m[Kdo[m[K’
[11.868s]    71 |   }
[11.868s]       |    [01;31m[K^[m[K
[11.868s]       |    [32m[K;[m[K
[11.869s] [01m[K/home/dev/Documents/ORION_VI/mqtt_hardware_interface/src/mqtt_hardware_interface.cpp:72:3:[m[K [01;31m[Kerror: [m[Kexpected primary-expression before ‘[01m[Kdo[m[K’
[11.869s]    72 |   [01;31m[KRCLCPP_DEBUG_STREAM[m[K(rclcpp::get_logger("MqttHardwareInterface"), "Finished `on_init`!");
[11.869s]       |   [01;31m[K^~~~~~~~~~~~~~~~~~~[m[K
[11.869s] [01m[K/home/dev/Documents/ORION_VI/mqtt_hardware_interface/src/mqtt_hardware_interface.cpp:71:4:[m[K [01;31m[Kerror: [m[Kexpected ‘[01m[K)[m[K’ before ‘[01m[Kdo[m[K’
[11.869s]    71 |   }
[11.869s]       |    [01;31m[K^[m[K
[11.869s]       |    [32m[K)[m[K
[11.869s] [01m[K/home/dev/Documents/ORION_VI/mqtt_hardware_interface/src/mqtt_hardware_interface.cpp:28:7:[m[K [01;36m[Knote: [m[Kto match this ‘[01m[K([m[K’
[11.869s]    28 |   for [01;36m[K([m[Khardware_interface::Componentparams & joint : params_.joints)
[11.869s]       |       [01;36m[K^[m[K
[11.869s] [01m[K/home/dev/Documents/ORION_VI/mqtt_hardware_interface/src/mqtt_hardware_interface.cpp:[m[K In member function ‘[01m[Kvirtual hardware_interface::CallbackReturn mqtt_hardware_interface::MqttHardwareInterface::[01;32m[Kon_configure[m[K(const rclcpp_lifecycle::State&)[m[K’:
[11.869s] [01m[K/home/dev/Documents/ORION_VI/mqtt_hardware_interface/src/mqtt_hardware_interface.cpp:78:39:[m[K [01;35m[Kwarning: [m[Kunused parameter ‘[01m[Kprevious_state[m[K’ [[01;35m[K]8;;https://gcc.gnu.org/onlinedocs/gcc/Warning-Options.html#index-Wunused-parameter-Wunused-parameter]8;;[m[K]
[11.869s]    78 |       [01;35m[Kconst rclcpp_lifecycle::State & previous_state[m[K)
[11.869s]       |       [01;35m[K~~~~~~~~~~~~~~~~~~~~~~~~~~~~~~~~^~~~~~~~~~~~~~[m[K
[11.869s] [01m[K/home/dev/Documents/ORION_VI/mqtt_hardware_interface/src/mqtt_hardware_interface.cpp:[m[K In member function ‘[01m[Kvirtual hardware_interface::CallbackReturn mqtt_hardware_interface::MqttHardwareInterface::[01;32m[Kon_cleanup[m[K(const rclcpp_lifecycle::State&)[m[K’:
[11.870s] [01m[K/home/dev/Documents/ORION_VI/mqtt_hardware_interface/src/mqtt_hardware_interface.cpp:84:39:[m[K [01;35m[Kwarning: [m[Kunused parameter ‘[01m[Kprevious_state[m[K’ [[01;35m[K]8;;https://gcc.gnu.org/onlinedocs/gcc/Warning-Options.html#index-Wunused-parameter-Wunused-parameter]8;;[m[K]
[11.870s]    84 |       [01;35m[Kconst rclcpp_lifecycle::State & previous_state[m[K)
[11.870s]       |       [01;35m[K~~~~~~~~~~~~~~~~~~~~~~~~~~~~~~~~^~~~~~~~~~~~~~[m[K
[11.870s] [01m[K/home/dev/Documents/ORION_VI/mqtt_hardware_interface/src/mqtt_hardware_interface.cpp:[m[K At global scope:
[11.870s] [01m[K/home/dev/Documents/ORION_VI/mqtt_hardware_interface/src/mqtt_hardware_interface.cpp:89:13:[m[K [01;31m[Kerror: [m[K‘[01m[KStateInterface[m[K’ was not declared in this scope; did you mean ‘[01m[Khardware_interface::StateInterface[m[K’?
[11.870s]    89 | std::vector<[01;31m[KStateInterface[m[K> MqttHardwareInterface::export_state_interfaces()
[11.870s]       |             [01;31m[K^~~~~~~~~~~~~~[m[K
[11.870s]       |             [32m[Khardware_interface::StateInterface[m[K
[11.870s] [01m[K/opt/ros/jazzy/include/hardware_interface/hardware_interface/handle.hpp:677:7:[m[K [01;36m[Knote: [m[K‘[01m[Khardware_interface::StateInterface[m[K’ declared here
[11.870s]   677 | class [01;36m[KStateInterface[m[K : public Handle
[11.870s]       |       [01;36m[K^~~~~~~~~~~~~~[m[K
[11.870s] [01m[K/home/dev/Documents/ORION_VI/mqtt_hardware_interface/src/mqtt_hardware_interface.cpp:89:27:[m[K [01;31m[Kerror: [m[Ktemplate argument 1 is invalid
[11.870s]    89 | std::vector<StateInterface[01;31m[K>[m[K MqttHardwareInterface::export_state_interfaces()
[11.870s]       |                           [01;31m[K^[m[K
[11.871s] [01m[K/home/dev/Documents/ORION_VI/mqtt_hardware_interface/src/mqtt_hardware_interface.cpp:89:27:[m[K [01;31m[Kerror: [m[Ktemplate argument 2 is invalid
[11.877s] [01m[K/home/dev/Documents/ORION_VI/mqtt_hardware_interface/src/mqtt_hardware_interface.cpp:[m[K In member function ‘[01m[Kvirtual int mqtt_hardware_interface::MqttHardwareInterface::[01;32m[Kexport_state_interfaces[m[K()[m[K’:
[11.877s] [01m[K/home/dev/Documents/ORION_VI/mqtt_hardware_interface/src/mqtt_hardware_interface.cpp:93:29:[m[K [01;31m[Kerror: [m[K‘[01m[Kparams_[m[K’ was not declared in this scope
[11.877s]    93 |   for (const auto & joint : [01;31m[Kparams_[m[K.joints)
[11.877s]       |                             [01;31m[K^~~~~~~[m[K
[11.882s] [01m[K/home/dev/Documents/ORION_VI/mqtt_hardware_interface/src/mqtt_hardware_interface.cpp:104:30:[m[K [01;31m[Kerror: [m[K‘[01m[Kparams_[m[K’ was not declared in this scope
[11.882s]   104 |   for (const auto & sensor : [01;31m[Kparams_[m[K.sensors)
[11.883s]       |                              [01;31m[K^~~~~~~[m[K
[11.883s] [01m[K/home/dev/Documents/ORION_VI/mqtt_hardware_interface/src/mqtt_hardware_interface.cpp:114:10:[m[K [01;31m[Kerror: [m[Kcannot convert ‘[01m[Kstd::vector<hardware_interface::StateInterface>[m[K’ to ‘[01m[Kint[m[K’ in return
[11.883s]   114 |   return [01;31m[Kstate_interfaces[m[K;
[11.883s]       |          [01;31m[K^~~~~~~~~~~~~~~~[m[K
[11.883s]       |          [01;31m[K|[m[K
[11.883s]       |          [01;31m[Kstd::vector<hardware_interface::StateInterface>[m[K
[11.883s] [01m[K/home/dev/Documents/ORION_VI/mqtt_hardware_interface/src/mqtt_hardware_interface.cpp:[m[K At global scope:
[11.883s] [01m[K/home/dev/Documents/ORION_VI/mqtt_hardware_interface/src/mqtt_hardware_interface.cpp:117:13:[m[K [01;31m[Kerror: [m[K‘[01m[KCommandInterface[m[K’ was not declared in this scope; did you mean ‘[01m[Khardware_interface::CommandInterface[m[K’?
[11.883s]   117 | std::vector<[01;31m[KCommandInterface[m[K> MqttHardwareInterface::export_command_interfaces()
[11.883s]       |             [01;31m[K^~~~~~~~~~~~~~~~[m[K
[11.883s]       |             [32m[Khardware_interface::CommandInterface[m[K
[11.883s] [01m[K/opt/ros/jazzy/include/hardware_interface/hardware_interface/handle.hpp:735:7:[m[K [01;36m[Knote: [m[K‘[01m[Khardware_interface::CommandInterface[m[K’ declared here
[11.884s]   735 | class [01;36m[KCommandInterface[m[K : public Handle
[11.884s]       |       [01;36m[K^~~~~~~~~~~~~~~~[m[K
[11.884s] [01m[K/home/dev/Documents/ORION_VI/mqtt_hardware_interface/src/mqtt_hardware_interface.cpp:117:29:[m[K [01;31m[Kerror: [m[Ktemplate argument 1 is invalid
[11.884s]   117 | std::vector<CommandInterface[01;31m[K>[m[K MqttHardwareInterface::export_command_interfaces()
[11.884s]       |                             [01;31m[K^[m[K
[11.884s] [01m[K/home/dev/Documents/ORION_VI/mqtt_hardware_interface/src/mqtt_hardware_interface.cpp:117:29:[m[K [01;31m[Kerror: [m[Ktemplate argument 2 is invalid
[11.921s] [01m[K/home/dev/Documents/ORION_VI/mqtt_hardware_interface/src/mqtt_hardware_interface.cpp:[m[K In member function ‘[01m[Kvirtual int mqtt_hardware_interface::MqttHardwareInterface::[01;32m[Kexport_command_interfaces[m[K()[m[K’:
[11.921s] [01m[K/home/dev/Documents/ORION_VI/mqtt_hardware_interface/src/mqtt_hardware_interface.cpp:120:29:[m[K [01;31m[Kerror: [m[K‘[01m[Kparams_[m[K’ was not declared in this scope
[11.921s]   120 |   for (const auto & joint : [01;31m[Kparams_[m[K.joints)
[11.921s]       |                             [01;31m[K^~~~~~~[m[K
[11.922s] [01m[K/home/dev/Documents/ORION_VI/mqtt_hardware_interface/src/mqtt_hardware_interface.cpp:131:10:[m[K [01;31m[Kerror: [m[Kcannot convert ‘[01m[Kstd::vector<hardware_interface::CommandInterface>[m[K’ to ‘[01m[Kint[m[K’ in return
[11.922s]   131 |   return [01;31m[Kcommand_interfaces[m[K;
[11.922s]       |          [01;31m[K^~~~~~~~~~~~~~~~~~[m[K
[11.922s]       |          [01;31m[K|[m[K
[11.922s]       |          [01;31m[Kstd::vector<hardware_interface::CommandInterface>[m[K
[13.087s] gmake[2]: *** [CMakeFiles/mqtt_hardware_interface.dir/build.make:76: CMakeFiles/mqtt_hardware_interface.dir/src/mqtt_hardware_interface.cpp.o] Error 1
[13.087s] gmake[1]: *** [CMakeFiles/Makefile2:137: CMakeFiles/mqtt_hardware_interface.dir/all] Error 2
[13.087s] gmake: *** [Makefile:146: all] Error 2
[13.089s] Invoked command in '/home/dev/Documents/ORION_VI/mqtt_hardware_interface/build/mqtt_hardware_interface' returned '2': CMAKE_PREFIX_PATH=${CMAKE_PREFIX_PATH}:/opt/ros/jazzy DEBUGINFOD_URLS=https://debuginfod.ubuntu.com /usr/bin/cmake --build /home/dev/Documents/ORION_VI/mqtt_hardware_interface/build/mqtt_hardware_interface -- -j6 -l6
